{"E:\\AI_IT - Copy1\\react-native-redux-app\\src\\Components\\AddCustomCategoryModal.tsx": {"path":"E:\\AI_IT - Copy1\\react-native-redux-app\\src\\Components\\AddCustomCategoryModal.tsx","statementMap":{"0":{"start":{"line":24,"column":42},"end":{"line":24,"column":54}},"1":{"start":{"line":26,"column":20},"end":{"line":32,"column":3}},"2":{"start":{"line":27,"column":4},"end":{"line":31,"column":5}},"3":{"start":{"line":28,"column":6},"end":{"line":28,"column":33}},"4":{"start":{"line":29,"column":6},"end":{"line":29,"column":26}},"5":{"start":{"line":30,"column":6},"end":{"line":30,"column":16}},"6":{"start":{"line":34,"column":22},"end":{"line":37,"column":3}},"7":{"start":{"line":35,"column":4},"end":{"line":35,"column":24}},"8":{"start":{"line":36,"column":4},"end":{"line":36,"column":14}},"9":{"start":{"line":39,"column":2},"end":{"line":73,"column":4}},"10":{"start":{"line":76,"column":15},"end":{"line":131,"column":2}}},"fnMap":{"0":{"name":"AddCustomCategoryModal","decl":{"start":{"line":18,"column":24},"end":{"line":18,"column":46}},"loc":{"start":{"line":23,"column":32},"end":{"line":74,"column":1}},"line":23},"1":{"name":"(anonymous_1)","decl":{"start":{"line":26,"column":20},"end":{"line":26,"column":21}},"loc":{"start":{"line":26,"column":26},"end":{"line":32,"column":3}},"line":26},"2":{"name":"(anonymous_2)","decl":{"start":{"line":34,"column":22},"end":{"line":34,"column":23}},"loc":{"start":{"line":34,"column":28},"end":{"line":37,"column":3}},"line":34}},"branchMap":{"0":{"loc":{"start":{"line":27,"column":4},"end":{"line":31,"column":5}},"type":"if","locations":[{"start":{"line":27,"column":4},"end":{"line":31,"column":5}},{"start":{},"end":{}}],"line":27}},"s":{"0":0,"1":0,"2":0,"3":0,"4":0,"5":0,"6":0,"7":0,"8":0,"9":0,"10":0},"f":{"0":0,"1":0,"2":0},"b":{"0":[0,0]}}
,"E:\\AI_IT - Copy1\\react-native-redux-app\\src\\Components\\Button.js": {"path":"E:\\AI_IT - Copy1\\react-native-redux-app\\src\\Components\\Button.js","statementMap":{"0":{"start":{"line":4,"column":15},"end":{"line":10,"column":1}},"1":{"start":{"line":5,"column":2},"end":{"line":9,"column":4}},"2":{"start":{"line":12,"column":15},"end":{"line":25,"column":2}}},"fnMap":{"0":{"name":"(anonymous_0)","decl":{"start":{"line":4,"column":15},"end":{"line":4,"column":16}},"loc":{"start":{"line":4,"column":57},"end":{"line":10,"column":1}},"line":4}},"branchMap":{},"s":{"0":0,"1":0,"2":0},"f":{"0":0},"b":{}}
,"E:\\AI_IT - Copy1\\react-native-redux-app\\src\\Components\\ScreenWrapper.tsx": {"path":"E:\\AI_IT - Copy1\\react-native-redux-app\\src\\Components\\ScreenWrapper.tsx","statementMap":{"0":{"start":{"line":19,"column":52},"end":{"line":54,"column":1}},"1":{"start":{"line":24,"column":18},"end":{"line":28,"column":3}},"2":{"start":{"line":25,"column":4},"end":{"line":27,"column":11}},"3":{"start":{"line":30,"column":2},"end":{"line":53,"column":4}},"4":{"start":{"line":56,"column":15},"end":{"line":71,"column":2}}},"fnMap":{"0":{"name":"(anonymous_0)","decl":{"start":{"line":19,"column":52},"end":{"line":19,"column":53}},"loc":{"start":{"line":23,"column":6},"end":{"line":54,"column":1}},"line":23},"1":{"name":"(anonymous_1)","decl":{"start":{"line":24,"column":18},"end":{"line":24,"column":19}},"loc":{"start":{"line":25,"column":4},"end":{"line":27,"column":11}},"line":25}},"branchMap":{"0":{"loc":{"start":{"line":21,"column":2},"end":{"line":21,"column":20}},"type":"default-arg","locations":[{"start":{"line":21,"column":15},"end":{"line":21,"column":20}}],"line":21},"1":{"loc":{"start":{"line":38,"column":18},"end":{"line":38,"column":62}},"type":"cond-expr","locations":[{"start":{"line":38,"column":42},"end":{"line":38,"column":51}},{"start":{"line":38,"column":54},"end":{"line":38,"column":62}}],"line":38},"2":{"loc":{"start":{"line":39,"column":32},"end":{"line":39,"column":62}},"type":"cond-expr","locations":[{"start":{"line":39,"column":56},"end":{"line":39,"column":57}},{"start":{"line":39,"column":60},"end":{"line":39,"column":62}}],"line":39},"3":{"loc":{"start":{"line":41,"column":9},"end":{"line":50,"column":9}},"type":"cond-expr","locations":[{"start":{"line":42,"column":10},"end":{"line":47,"column":23}},{"start":{"line":49,"column":10},"end":{"line":49,"column":21}}],"line":41}},"s":{"0":0,"1":0,"2":0,"3":0,"4":0},"f":{"0":0,"1":0},"b":{"0":[0],"1":[0,0],"2":[0,0],"3":[0,0]}}
,"E:\\AI_IT - Copy1\\react-native-redux-app\\src\\Navigation\\AppNavigator.js": {"path":"E:\\AI_IT - Copy1\\react-native-redux-app\\src\\Navigation\\AppNavigator.js","statementMap":{"0":{"start":{"line":7,"column":14},"end":{"line":7,"column":42}},"1":{"start":{"line":9,"column":21},"end":{"line":29,"column":1}},"2":{"start":{"line":10,"column":2},"end":{"line":28,"column":4}}},"fnMap":{"0":{"name":"(anonymous_0)","decl":{"start":{"line":9,"column":21},"end":{"line":9,"column":22}},"loc":{"start":{"line":9,"column":27},"end":{"line":29,"column":1}},"line":9}},"branchMap":{},"s":{"0":0,"1":0,"2":0},"f":{"0":0},"b":{}}
,"E:\\AI_IT - Copy1\\react-native-redux-app\\src\\Navigation\\AppNavigator.tsx": {"path":"E:\\AI_IT - Copy1\\react-native-redux-app\\src\\Navigation\\AppNavigator.tsx","statementMap":{"0":{"start":{"line":8,"column":12},"end":{"line":8,"column":38}},"1":{"start":{"line":10,"column":21},"end":{"line":40,"column":1}},"2":{"start":{"line":11,"column":2},"end":{"line":39,"column":18}},"3":{"start":{"line":17,"column":10},"end":{"line":17,"column":89}},"4":{"start":{"line":26,"column":10},"end":{"line":26,"column":103}},"5":{"start":{"line":35,"column":10},"end":{"line":35,"column":97}}},"fnMap":{"0":{"name":"(anonymous_0)","decl":{"start":{"line":10,"column":21},"end":{"line":10,"column":22}},"loc":{"start":{"line":11,"column":2},"end":{"line":39,"column":18}},"line":11},"1":{"name":"(anonymous_1)","decl":{"start":{"line":16,"column":20},"end":{"line":16,"column":21}},"loc":{"start":{"line":17,"column":10},"end":{"line":17,"column":89}},"line":17},"2":{"name":"(anonymous_2)","decl":{"start":{"line":25,"column":20},"end":{"line":25,"column":21}},"loc":{"start":{"line":26,"column":10},"end":{"line":26,"column":103}},"line":26},"3":{"name":"(anonymous_3)","decl":{"start":{"line":34,"column":20},"end":{"line":34,"column":21}},"loc":{"start":{"line":35,"column":10},"end":{"line":35,"column":97}},"line":35}},"branchMap":{"0":{"loc":{"start":{"line":17,"column":26},"end":{"line":17,"column":59}},"type":"cond-expr","locations":[{"start":{"line":17,"column":36},"end":{"line":17,"column":42}},{"start":{"line":17,"column":45},"end":{"line":17,"column":59}}],"line":17},"1":{"loc":{"start":{"line":26,"column":26},"end":{"line":26,"column":73}},"type":"cond-expr","locations":[{"start":{"line":26,"column":36},"end":{"line":26,"column":49}},{"start":{"line":26,"column":52},"end":{"line":26,"column":73}}],"line":26},"2":{"loc":{"start":{"line":35,"column":26},"end":{"line":35,"column":67}},"type":"cond-expr","locations":[{"start":{"line":35,"column":36},"end":{"line":35,"column":46}},{"start":{"line":35,"column":49},"end":{"line":35,"column":67}}],"line":35}},"s":{"0":0,"1":0,"2":0,"3":0,"4":0,"5":0},"f":{"0":0,"1":0,"2":0,"3":0},"b":{"0":[0,0],"1":[0,0],"2":[0,0]}}
,"E:\\AI_IT - Copy1\\react-native-redux-app\\src\\Navigation\\HomeStackNavigator.tsx": {"path":"E:\\AI_IT - Copy1\\react-native-redux-app\\src\\Navigation\\HomeStackNavigator.tsx","statementMap":{"0":{"start":{"line":8,"column":14},"end":{"line":8,"column":42}},"1":{"start":{"line":10,"column":27},"end":{"line":17,"column":1}},"2":{"start":{"line":11,"column":2},"end":{"line":16,"column":20}}},"fnMap":{"0":{"name":"(anonymous_0)","decl":{"start":{"line":10,"column":27},"end":{"line":10,"column":28}},"loc":{"start":{"line":11,"column":2},"end":{"line":16,"column":20}},"line":11}},"branchMap":{},"s":{"0":0,"1":0,"2":0},"f":{"0":0},"b":{}}
,"E:\\AI_IT - Copy1\\react-native-redux-app\\src\\Redux\\rootReducer.js": {"path":"E:\\AI_IT - Copy1\\react-native-redux-app\\src\\Redux\\rootReducer.js","statementMap":{"0":{"start":{"line":4,"column":20},"end":{"line":6,"column":2}}},"fnMap":{},"branchMap":{},"s":{"0":0},"f":{},"b":{}}
,"E:\\AI_IT - Copy1\\react-native-redux-app\\src\\Redux\\store.js": {"path":"E:\\AI_IT - Copy1\\react-native-redux-app\\src\\Redux\\store.js","statementMap":{"0":{"start":{"line":4,"column":21},"end":{"line":6,"column":2}}},"fnMap":{},"branchMap":{},"s":{"0":0},"f":{},"b":{}}
,"E:\\AI_IT - Copy1\\react-native-redux-app\\src\\Redux\\store.ts": {"path":"E:\\AI_IT - Copy1\\react-native-redux-app\\src\\Redux\\store.ts","statementMap":{"0":{"start":{"line":5,"column":21},"end":{"line":10,"column":2}}},"fnMap":{},"branchMap":{},"s":{"0":0},"f":{},"b":{}}
,"E:\\AI_IT - Copy1\\react-native-redux-app\\src\\Redux\\Slices\\financialSlice.js": {"path":"E:\\AI_IT - Copy1\\react-native-redux-app\\src\\Redux\\Slices\\financialSlice.js","statementMap":{"0":{"start":{"line":3,"column":21},"end":{"line":76,"column":1}},"1":{"start":{"line":78,"column":23},"end":{"line":112,"column":2}},"2":{"start":{"line":83,"column":6},"end":{"line":83,"column":41}},"3":{"start":{"line":86,"column":6},"end":{"line":86,"column":49}},"4":{"start":{"line":89,"column":6},"end":{"line":95,"column":7}},"5":{"start":{"line":90,"column":8},"end":{"line":90,"column":46}},"6":{"start":{"line":91,"column":8},"end":{"line":91,"column":47}},"7":{"start":{"line":93,"column":8},"end":{"line":93,"column":47}},"8":{"start":{"line":94,"column":8},"end":{"line":94,"column":47}},"9":{"start":{"line":98,"column":6},"end":{"line":98,"column":41}},"10":{"start":{"line":101,"column":6},"end":{"line":101,"column":39}},"11":{"start":{"line":104,"column":20},"end":{"line":106,"column":7}},"12":{"start":{"line":105,"column":18},"end":{"line":105,"column":47}},"13":{"start":{"line":107,"column":6},"end":{"line":109,"column":7}},"14":{"start":{"line":108,"column":8},"end":{"line":108,"column":74}},"15":{"start":{"line":120,"column":4},"end":{"line":120,"column":26}},"16":{"start":{"line":123,"column":29},"end":{"line":123,"column":63}},"17":{"start":{"line":123,"column":40},"end":{"line":123,"column":63}},"18":{"start":{"line":124,"column":28},"end":{"line":124,"column":61}},"19":{"start":{"line":124,"column":39},"end":{"line":124,"column":61}},"20":{"start":{"line":125,"column":29},"end":{"line":125,"column":63}},"21":{"start":{"line":125,"column":40},"end":{"line":125,"column":63}},"22":{"start":{"line":126,"column":33},"end":{"line":126,"column":71}},"23":{"start":{"line":126,"column":44},"end":{"line":126,"column":71}},"24":{"start":{"line":127,"column":34},"end":{"line":127,"column":73}},"25":{"start":{"line":127,"column":45},"end":{"line":127,"column":73}},"26":{"start":{"line":128,"column":42},"end":{"line":135,"column":1}},"27":{"start":{"line":129,"column":16},"end":{"line":129,"column":57}},"28":{"start":{"line":130,"column":2},"end":{"line":130,"column":50}},"29":{"start":{"line":130,"column":14},"end":{"line":130,"column":50}},"30":{"start":{"line":132,"column":2},"end":{"line":134,"column":4}},"31":{"start":{"line":133,"column":4},"end":{"line":133,"column":51}},"32":{"start":{"line":136,"column":29},"end":{"line":136,"column":63}},"33":{"start":{"line":136,"column":40},"end":{"line":136,"column":63}},"34":{"start":{"line":137,"column":27},"end":{"line":137,"column":59}},"35":{"start":{"line":137,"column":38},"end":{"line":137,"column":59}}},"fnMap":{"0":{"name":"(anonymous_0)","decl":{"start":{"line":82,"column":20},"end":{"line":82,"column":21}},"loc":{"start":{"line":82,"column":39},"end":{"line":84,"column":5}},"line":82},"1":{"name":"(anonymous_1)","decl":{"start":{"line":85,"column":20},"end":{"line":85,"column":21}},"loc":{"start":{"line":85,"column":39},"end":{"line":96,"column":5}},"line":85},"2":{"name":"(anonymous_2)","decl":{"start":{"line":97,"column":15},"end":{"line":97,"column":16}},"loc":{"start":{"line":97,"column":34},"end":{"line":99,"column":5}},"line":97},"3":{"name":"(anonymous_3)","decl":{"start":{"line":100,"column":13},"end":{"line":100,"column":14}},"loc":{"start":{"line":100,"column":32},"end":{"line":102,"column":5}},"line":100},"4":{"name":"(anonymous_4)","decl":{"start":{"line":103,"column":16},"end":{"line":103,"column":17}},"loc":{"start":{"line":103,"column":35},"end":{"line":110,"column":5}},"line":103},"5":{"name":"(anonymous_5)","decl":{"start":{"line":105,"column":8},"end":{"line":105,"column":9}},"loc":{"start":{"line":105,"column":18},"end":{"line":105,"column":47}},"line":105},"6":{"name":"(anonymous_6)","decl":{"start":{"line":123,"column":29},"end":{"line":123,"column":30}},"loc":{"start":{"line":123,"column":40},"end":{"line":123,"column":63}},"line":123},"7":{"name":"(anonymous_7)","decl":{"start":{"line":124,"column":28},"end":{"line":124,"column":29}},"loc":{"start":{"line":124,"column":39},"end":{"line":124,"column":61}},"line":124},"8":{"name":"(anonymous_8)","decl":{"start":{"line":125,"column":29},"end":{"line":125,"column":30}},"loc":{"start":{"line":125,"column":40},"end":{"line":125,"column":63}},"line":125},"9":{"name":"(anonymous_9)","decl":{"start":{"line":126,"column":33},"end":{"line":126,"column":34}},"loc":{"start":{"line":126,"column":44},"end":{"line":126,"column":71}},"line":126},"10":{"name":"(anonymous_10)","decl":{"start":{"line":127,"column":34},"end":{"line":127,"column":35}},"loc":{"start":{"line":127,"column":45},"end":{"line":127,"column":73}},"line":127},"11":{"name":"(anonymous_11)","decl":{"start":{"line":128,"column":42},"end":{"line":128,"column":43}},"loc":{"start":{"line":128,"column":53},"end":{"line":135,"column":1}},"line":128},"12":{"name":"(anonymous_12)","decl":{"start":{"line":132,"column":45},"end":{"line":132,"column":46}},"loc":{"start":{"line":133,"column":4},"end":{"line":133,"column":51}},"line":133},"13":{"name":"(anonymous_13)","decl":{"start":{"line":136,"column":29},"end":{"line":136,"column":30}},"loc":{"start":{"line":136,"column":40},"end":{"line":136,"column":63}},"line":136},"14":{"name":"(anonymous_14)","decl":{"start":{"line":137,"column":27},"end":{"line":137,"column":28}},"loc":{"start":{"line":137,"column":38},"end":{"line":137,"column":59}},"line":137}},"branchMap":{"0":{"loc":{"start":{"line":89,"column":6},"end":{"line":95,"column":7}},"type":"if","locations":[{"start":{"line":89,"column":6},"end":{"line":95,"column":7}},{"start":{"line":92,"column":13},"end":{"line":95,"column":7}}],"line":89},"1":{"loc":{"start":{"line":107,"column":6},"end":{"line":109,"column":7}},"type":"if","locations":[{"start":{"line":107,"column":6},"end":{"line":109,"column":7}},{"start":{},"end":{}}],"line":107},"2":{"loc":{"start":{"line":130,"column":2},"end":{"line":130,"column":50}},"type":"if","locations":[{"start":{"line":130,"column":2},"end":{"line":130,"column":50}},{"start":{},"end":{}}],"line":130}},"s":{"0":0,"1":0,"2":0,"3":0,"4":0,"5":0,"6":0,"7":0,"8":0,"9":0,"10":0,"11":0,"12":0,"13":0,"14":0,"15":0,"16":0,"17":0,"18":0,"19":0,"20":0,"21":0,"22":0,"23":0,"24":0,"25":0,"26":0,"27":0,"28":0,"29":0,"30":0,"31":0,"32":0,"33":0,"34":0,"35":0},"f":{"0":0,"1":0,"2":0,"3":0,"4":0,"5":0,"6":0,"7":0,"8":0,"9":0,"10":0,"11":0,"12":0,"13":0,"14":0},"b":{"0":[0,0],"1":[0,0],"2":[0,0]}}
,"E:\\AI_IT - Copy1\\react-native-redux-app\\src\\Redux\\Slices\\financialSlice.ts": {"path":"E:\\AI_IT - Copy1\\react-native-redux-app\\src\\Redux\\Slices\\financialSlice.ts","statementMap":{"0":{"start":{"line":43,"column":37},"end":{"line":54,"column":1}},"1":{"start":{"line":56,"column":22},"end":{"line":61,"column":1}},"2":{"start":{"line":57,"column":20},"end":{"line":57,"column":34}},"3":{"start":{"line":58,"column":16},"end":{"line":58,"column":35}},"4":{"start":{"line":59,"column":14},"end":{"line":59,"column":31}},"5":{"start":{"line":60,"column":2},"end":{"line":60,"column":48}},"6":{"start":{"line":63,"column":23},"end":{"line":186,"column":2}},"7":{"start":{"line":68,"column":6},"end":{"line":68,"column":46}},"8":{"start":{"line":69,"column":6},"end":{"line":87,"column":7}},"9":{"start":{"line":70,"column":8},"end":{"line":70,"column":46}},"10":{"start":{"line":71,"column":8},"end":{"line":71,"column":47}},"11":{"start":{"line":73,"column":8},"end":{"line":73,"column":47}},"12":{"start":{"line":74,"column":8},"end":{"line":74,"column":47}},"13":{"start":{"line":77,"column":8},"end":{"line":86,"column":9}},"14":{"start":{"line":78,"column":33},"end":{"line":82,"column":11}},"15":{"start":{"line":80,"column":14},"end":{"line":81,"column":82}},"16":{"start":{"line":83,"column":10},"end":{"line":85,"column":11}},"17":{"start":{"line":84,"column":12},"end":{"line":84,"column":64}},"18":{"start":{"line":90,"column":32},"end":{"line":93,"column":7}},"19":{"start":{"line":96,"column":31},"end":{"line":101,"column":7}},"20":{"start":{"line":98,"column":10},"end":{"line":100,"column":81}},"21":{"start":{"line":103,"column":6},"end":{"line":106,"column":8}},"22":{"start":{"line":104,"column":28},"end":{"line":104,"column":50}},"23":{"start":{"line":108,"column":6},"end":{"line":108,"column":36}},"24":{"start":{"line":111,"column":21},"end":{"line":111,"column":72}},"25":{"start":{"line":111,"column":45},"end":{"line":111,"column":71}},"26":{"start":{"line":112,"column":6},"end":{"line":132,"column":7}},"27":{"start":{"line":113,"column":8},"end":{"line":113,"column":54}},"28":{"start":{"line":116,"column":8},"end":{"line":131,"column":9}},"29":{"start":{"line":117,"column":28},"end":{"line":117,"column":80}},"30":{"start":{"line":118,"column":26},"end":{"line":118,"column":74}},"31":{"start":{"line":120,"column":27},"end":{"line":125,"column":11}},"32":{"start":{"line":122,"column":14},"end":{"line":124,"column":65}},"33":{"start":{"line":127,"column":10},"end":{"line":130,"column":12}},"34":{"start":{"line":128,"column":32},"end":{"line":128,"column":54}},"35":{"start":{"line":135,"column":6},"end":{"line":135,"column":83}},"36":{"start":{"line":135,"column":53},"end":{"line":135,"column":81}},"37":{"start":{"line":138,"column":6},"end":{"line":138,"column":48}},"38":{"start":{"line":141,"column":6},"end":{"line":141,"column":49}},"39":{"start":{"line":144,"column":6},"end":{"line":144,"column":42}},"40":{"start":{"line":147,"column":6},"end":{"line":147,"column":41}},"41":{"start":{"line":150,"column":26},"end":{"line":150,"column":82}},"42":{"start":{"line":150,"column":55},"end":{"line":150,"column":81}},"43":{"start":{"line":151,"column":6},"end":{"line":170,"column":7}},"44":{"start":{"line":153,"column":8},"end":{"line":159,"column":9}},"45":{"start":{"line":154,"column":10},"end":{"line":154,"column":45}},"46":{"start":{"line":155,"column":10},"end":{"line":155,"column":46}},"47":{"start":{"line":157,"column":10},"end":{"line":157,"column":46}},"48":{"start":{"line":158,"column":10},"end":{"line":158,"column":46}},"49":{"start":{"line":161,"column":8},"end":{"line":161,"column":59}},"50":{"start":{"line":163,"column":8},"end":{"line":169,"column":9}},"51":{"start":{"line":164,"column":10},"end":{"line":164,"column":45}},"52":{"start":{"line":165,"column":10},"end":{"line":165,"column":46}},"53":{"start":{"line":167,"column":10},"end":{"line":167,"column":46}},"54":{"start":{"line":168,"column":10},"end":{"line":168,"column":46}},"55":{"start":{"line":173,"column":26},"end":{"line":173,"column":79}},"56":{"start":{"line":173,"column":55},"end":{"line":173,"column":78}},"57":{"start":{"line":174,"column":6},"end":{"line":182,"column":7}},"58":{"start":{"line":175,"column":8},"end":{"line":181,"column":9}},"59":{"start":{"line":176,"column":10},"end":{"line":176,"column":45}},"60":{"start":{"line":177,"column":10},"end":{"line":177,"column":46}},"61":{"start":{"line":179,"column":10},"end":{"line":179,"column":46}},"62":{"start":{"line":180,"column":10},"end":{"line":180,"column":46}},"63":{"start":{"line":183,"column":6},"end":{"line":183,"column":83}},"64":{"start":{"line":183,"column":58},"end":{"line":183,"column":81}},"65":{"start":{"line":199,"column":4},"end":{"line":199,"column":26}},"66":{"start":{"line":202,"column":29},"end":{"line":202,"column":153}},"67":{"start":{"line":202,"column":51},"end":{"line":202,"column":153}},"68":{"start":{"line":202,"column":99},"end":{"line":202,"column":149}},"69":{"start":{"line":203,"column":28},"end":{"line":203,"column":149}},"70":{"start":{"line":203,"column":50},"end":{"line":203,"column":149}},"71":{"start":{"line":203,"column":91},"end":{"line":203,"column":110}},"72":{"start":{"line":203,"column":131},"end":{"line":203,"column":145}},"73":{"start":{"line":204,"column":29},"end":{"line":204,"column":151}},"74":{"start":{"line":204,"column":51},"end":{"line":204,"column":151}},"75":{"start":{"line":204,"column":92},"end":{"line":204,"column":112}},"76":{"start":{"line":204,"column":133},"end":{"line":204,"column":147}},"77":{"start":{"line":205,"column":29},"end":{"line":205,"column":74}},"78":{"start":{"line":205,"column":51},"end":{"line":205,"column":74}},"79":{"start":{"line":206,"column":27},"end":{"line":206,"column":70}},"80":{"start":{"line":206,"column":49},"end":{"line":206,"column":70}},"81":{"start":{"line":207,"column":42},"end":{"line":215,"column":1}},"82":{"start":{"line":208,"column":16},"end":{"line":208,"column":57}},"83":{"start":{"line":209,"column":2},"end":{"line":214,"column":4}},"84":{"start":{"line":211,"column":6},"end":{"line":213,"column":38}},"85":{"start":{"line":216,"column":33},"end":{"line":216,"column":82}},"86":{"start":{"line":216,"column":55},"end":{"line":216,"column":82}},"87":{"start":{"line":219,"column":39},"end":{"line":220,"column":77}},"88":{"start":{"line":220,"column":2},"end":{"line":220,"column":77}},"89":{"start":{"line":220,"column":52},"end":{"line":220,"column":73}},"90":{"start":{"line":222,"column":38},"end":{"line":223,"column":82}},"91":{"start":{"line":223,"column":2},"end":{"line":223,"column":82}},"92":{"start":{"line":223,"column":52},"end":{"line":223,"column":78}},"93":{"start":{"line":225,"column":37},"end":{"line":226,"column":64}},"94":{"start":{"line":226,"column":2},"end":{"line":226,"column":64}},"95":{"start":{"line":228,"column":36},"end":{"line":233,"column":5}},"96":{"start":{"line":229,"column":2},"end":{"line":233,"column":5}},"97":{"start":{"line":229,"column":41},"end":{"line":233,"column":3}}},"fnMap":{"0":{"name":"(anonymous_0)","decl":{"start":{"line":56,"column":22},"end":{"line":56,"column":23}},"loc":{"start":{"line":56,"column":76},"end":{"line":61,"column":1}},"line":56},"1":{"name":"(anonymous_1)","decl":{"start":{"line":67,"column":20},"end":{"line":67,"column":21}},"loc":{"start":{"line":67,"column":67},"end":{"line":88,"column":5}},"line":67},"2":{"name":"(anonymous_2)","decl":{"start":{"line":79,"column":12},"end":{"line":79,"column":13}},"loc":{"start":{"line":80,"column":14},"end":{"line":81,"column":82}},"line":80},"3":{"name":"(anonymous_3)","decl":{"start":{"line":89,"column":15},"end":{"line":89,"column":16}},"loc":{"start":{"line":89,"column":78},"end":{"line":109,"column":5}},"line":89},"4":{"name":"(anonymous_4)","decl":{"start":{"line":97,"column":8},"end":{"line":97,"column":9}},"loc":{"start":{"line":98,"column":10},"end":{"line":100,"column":81}},"line":98},"5":{"name":"(anonymous_5)","decl":{"start":{"line":104,"column":8},"end":{"line":104,"column":9}},"loc":{"start":{"line":104,"column":28},"end":{"line":104,"column":50}},"line":104},"6":{"name":"(anonymous_6)","decl":{"start":{"line":110,"column":18},"end":{"line":110,"column":19}},"loc":{"start":{"line":110,"column":94},"end":{"line":133,"column":5}},"line":110},"7":{"name":"(anonymous_7)","decl":{"start":{"line":111,"column":40},"end":{"line":111,"column":41}},"loc":{"start":{"line":111,"column":45},"end":{"line":111,"column":71}},"line":111},"8":{"name":"(anonymous_8)","decl":{"start":{"line":121,"column":12},"end":{"line":121,"column":13}},"loc":{"start":{"line":122,"column":14},"end":{"line":124,"column":65}},"line":122},"9":{"name":"(anonymous_9)","decl":{"start":{"line":128,"column":12},"end":{"line":128,"column":13}},"loc":{"start":{"line":128,"column":32},"end":{"line":128,"column":54}},"line":128},"10":{"name":"(anonymous_10)","decl":{"start":{"line":134,"column":18},"end":{"line":134,"column":19}},"loc":{"start":{"line":134,"column":60},"end":{"line":136,"column":5}},"line":134},"11":{"name":"(anonymous_11)","decl":{"start":{"line":135,"column":43},"end":{"line":135,"column":44}},"loc":{"start":{"line":135,"column":53},"end":{"line":135,"column":81}},"line":135},"12":{"name":"(anonymous_12)","decl":{"start":{"line":137,"column":27},"end":{"line":137,"column":28}},"loc":{"start":{"line":137,"column":69},"end":{"line":139,"column":5}},"line":137},"13":{"name":"(anonymous_13)","decl":{"start":{"line":140,"column":28},"end":{"line":140,"column":29}},"loc":{"start":{"line":140,"column":70},"end":{"line":142,"column":5}},"line":140},"14":{"name":"(anonymous_14)","decl":{"start":{"line":143,"column":21},"end":{"line":143,"column":22}},"loc":{"start":{"line":143,"column":63},"end":{"line":145,"column":5}},"line":143},"15":{"name":"(anonymous_15)","decl":{"start":{"line":146,"column":20},"end":{"line":146,"column":21}},"loc":{"start":{"line":146,"column":62},"end":{"line":148,"column":5}},"line":146},"16":{"name":"(anonymous_16)","decl":{"start":{"line":149,"column":23},"end":{"line":149,"column":24}},"loc":{"start":{"line":149,"column":104},"end":{"line":171,"column":5}},"line":149},"17":{"name":"(anonymous_17)","decl":{"start":{"line":150,"column":50},"end":{"line":150,"column":51}},"loc":{"start":{"line":150,"column":55},"end":{"line":150,"column":81}},"line":150},"18":{"name":"(anonymous_18)","decl":{"start":{"line":172,"column":23},"end":{"line":172,"column":24}},"loc":{"start":{"line":172,"column":65},"end":{"line":184,"column":5}},"line":172},"19":{"name":"(anonymous_19)","decl":{"start":{"line":173,"column":50},"end":{"line":173,"column":51}},"loc":{"start":{"line":173,"column":55},"end":{"line":173,"column":78}},"line":173},"20":{"name":"(anonymous_20)","decl":{"start":{"line":183,"column":53},"end":{"line":183,"column":54}},"loc":{"start":{"line":183,"column":58},"end":{"line":183,"column":81}},"line":183},"21":{"name":"(anonymous_21)","decl":{"start":{"line":202,"column":29},"end":{"line":202,"column":30}},"loc":{"start":{"line":202,"column":51},"end":{"line":202,"column":153}},"line":202},"22":{"name":"(anonymous_22)","decl":{"start":{"line":202,"column":87},"end":{"line":202,"column":88}},"loc":{"start":{"line":202,"column":99},"end":{"line":202,"column":149}},"line":202},"23":{"name":"(anonymous_23)","decl":{"start":{"line":203,"column":28},"end":{"line":203,"column":29}},"loc":{"start":{"line":203,"column":50},"end":{"line":203,"column":149}},"line":203},"24":{"name":"(anonymous_24)","decl":{"start":{"line":203,"column":86},"end":{"line":203,"column":87}},"loc":{"start":{"line":203,"column":91},"end":{"line":203,"column":110}},"line":203},"25":{"name":"(anonymous_25)","decl":{"start":{"line":203,"column":119},"end":{"line":203,"column":120}},"loc":{"start":{"line":203,"column":131},"end":{"line":203,"column":145}},"line":203},"26":{"name":"(anonymous_26)","decl":{"start":{"line":204,"column":29},"end":{"line":204,"column":30}},"loc":{"start":{"line":204,"column":51},"end":{"line":204,"column":151}},"line":204},"27":{"name":"(anonymous_27)","decl":{"start":{"line":204,"column":87},"end":{"line":204,"column":88}},"loc":{"start":{"line":204,"column":92},"end":{"line":204,"column":112}},"line":204},"28":{"name":"(anonymous_28)","decl":{"start":{"line":204,"column":121},"end":{"line":204,"column":122}},"loc":{"start":{"line":204,"column":133},"end":{"line":204,"column":147}},"line":204},"29":{"name":"(anonymous_29)","decl":{"start":{"line":205,"column":29},"end":{"line":205,"column":30}},"loc":{"start":{"line":205,"column":51},"end":{"line":205,"column":74}},"line":205},"30":{"name":"(anonymous_30)","decl":{"start":{"line":206,"column":27},"end":{"line":206,"column":28}},"loc":{"start":{"line":206,"column":49},"end":{"line":206,"column":70}},"line":206},"31":{"name":"(anonymous_31)","decl":{"start":{"line":207,"column":42},"end":{"line":207,"column":43}},"loc":{"start":{"line":207,"column":64},"end":{"line":215,"column":1}},"line":207},"32":{"name":"(anonymous_32)","decl":{"start":{"line":210,"column":4},"end":{"line":210,"column":5}},"loc":{"start":{"line":211,"column":6},"end":{"line":213,"column":38}},"line":211},"33":{"name":"(anonymous_33)","decl":{"start":{"line":216,"column":33},"end":{"line":216,"column":34}},"loc":{"start":{"line":216,"column":55},"end":{"line":216,"column":82}},"line":216},"34":{"name":"(anonymous_34)","decl":{"start":{"line":219,"column":39},"end":{"line":219,"column":40}},"loc":{"start":{"line":220,"column":2},"end":{"line":220,"column":77}},"line":220},"35":{"name":"(anonymous_35)","decl":{"start":{"line":220,"column":33},"end":{"line":220,"column":34}},"loc":{"start":{"line":220,"column":52},"end":{"line":220,"column":73}},"line":220},"36":{"name":"(anonymous_36)","decl":{"start":{"line":222,"column":38},"end":{"line":222,"column":39}},"loc":{"start":{"line":223,"column":2},"end":{"line":223,"column":82}},"line":223},"37":{"name":"(anonymous_37)","decl":{"start":{"line":223,"column":33},"end":{"line":223,"column":34}},"loc":{"start":{"line":223,"column":52},"end":{"line":223,"column":78}},"line":223},"38":{"name":"(anonymous_38)","decl":{"start":{"line":225,"column":37},"end":{"line":225,"column":38}},"loc":{"start":{"line":226,"column":2},"end":{"line":226,"column":64}},"line":226},"39":{"name":"(anonymous_39)","decl":{"start":{"line":228,"column":36},"end":{"line":228,"column":37}},"loc":{"start":{"line":229,"column":2},"end":{"line":233,"column":5}},"line":229},"40":{"name":"(anonymous_40)","decl":{"start":{"line":229,"column":30},"end":{"line":229,"column":31}},"loc":{"start":{"line":229,"column":41},"end":{"line":233,"column":3}},"line":229}},"branchMap":{"0":{"loc":{"start":{"line":60,"column":9},"end":{"line":60,"column":47}},"type":"binary-expr","locations":[{"start":{"line":60,"column":9},"end":{"line":60,"column":27}},{"start":{"line":60,"column":31},"end":{"line":60,"column":47}}],"line":60},"1":{"loc":{"start":{"line":69,"column":6},"end":{"line":87,"column":7}},"type":"if","locations":[{"start":{"line":69,"column":6},"end":{"line":87,"column":7}},{"start":{"line":72,"column":13},"end":{"line":87,"column":7}}],"line":69},"2":{"loc":{"start":{"line":77,"column":8},"end":{"line":86,"column":9}},"type":"if","locations":[{"start":{"line":77,"column":8},"end":{"line":86,"column":9}},{"start":{},"end":{}}],"line":77},"3":{"loc":{"start":{"line":80,"column":14},"end":{"line":81,"column":82}},"type":"binary-expr","locations":[{"start":{"line":80,"column":14},"end":{"line":80,"column":57}},{"start":{"line":81,"column":14},"end":{"line":81,"column":82}}],"line":80},"4":{"loc":{"start":{"line":83,"column":10},"end":{"line":85,"column":11}},"type":"if","locations":[{"start":{"line":83,"column":10},"end":{"line":85,"column":11}},{"start":{},"end":{}}],"line":83},"5":{"loc":{"start":{"line":98,"column":10},"end":{"line":100,"column":81}},"type":"binary-expr","locations":[{"start":{"line":98,"column":10},"end":{"line":98,"column":40}},{"start":{"line":99,"column":10},"end":{"line":99,"column":53}},{"start":{"line":100,"column":10},"end":{"line":100,"column":81}}],"line":98},"6":{"loc":{"start":{"line":112,"column":6},"end":{"line":132,"column":7}},"type":"if","locations":[{"start":{"line":112,"column":6},"end":{"line":132,"column":7}},{"start":{},"end":{}}],"line":112},"7":{"loc":{"start":{"line":116,"column":8},"end":{"line":131,"column":9}},"type":"if","locations":[{"start":{"line":116,"column":8},"end":{"line":131,"column":9}},{"start":{},"end":{}}],"line":116},"8":{"loc":{"start":{"line":116,"column":12},"end":{"line":116,"column":78}},"type":"binary-expr","locations":[{"start":{"line":116,"column":12},"end":{"line":116,"column":44}},{"start":{"line":116,"column":48},"end":{"line":116,"column":78}}],"line":116},"9":{"loc":{"start":{"line":117,"column":28},"end":{"line":117,"column":80}},"type":"binary-expr","locations":[{"start":{"line":117,"column":28},"end":{"line":117,"column":60}},{"start":{"line":117,"column":64},"end":{"line":117,"column":80}}],"line":117},"10":{"loc":{"start":{"line":118,"column":26},"end":{"line":118,"column":74}},"type":"binary-expr","locations":[{"start":{"line":118,"column":26},"end":{"line":118,"column":56}},{"start":{"line":118,"column":60},"end":{"line":118,"column":74}}],"line":118},"11":{"loc":{"start":{"line":122,"column":14},"end":{"line":124,"column":65}},"type":"binary-expr","locations":[{"start":{"line":122,"column":14},"end":{"line":122,"column":44}},{"start":{"line":123,"column":14},"end":{"line":123,"column":54}},{"start":{"line":124,"column":14},"end":{"line":124,"column":65}}],"line":122},"12":{"loc":{"start":{"line":151,"column":6},"end":{"line":170,"column":7}},"type":"if","locations":[{"start":{"line":151,"column":6},"end":{"line":170,"column":7}},{"start":{},"end":{}}],"line":151},"13":{"loc":{"start":{"line":153,"column":8},"end":{"line":159,"column":9}},"type":"if","locations":[{"start":{"line":153,"column":8},"end":{"line":159,"column":9}},{"start":{"line":156,"column":15},"end":{"line":159,"column":9}}],"line":153},"14":{"loc":{"start":{"line":163,"column":8},"end":{"line":169,"column":9}},"type":"if","locations":[{"start":{"line":163,"column":8},"end":{"line":169,"column":9}},{"start":{"line":166,"column":15},"end":{"line":169,"column":9}}],"line":163},"15":{"loc":{"start":{"line":174,"column":6},"end":{"line":182,"column":7}},"type":"if","locations":[{"start":{"line":174,"column":6},"end":{"line":182,"column":7}},{"start":{},"end":{}}],"line":174},"16":{"loc":{"start":{"line":175,"column":8},"end":{"line":181,"column":9}},"type":"if","locations":[{"start":{"line":175,"column":8},"end":{"line":181,"column":9}},{"start":{"line":178,"column":15},"end":{"line":181,"column":9}}],"line":175},"17":{"loc":{"start":{"line":202,"column":106},"end":{"line":202,"column":148}},"type":"cond-expr","locations":[{"start":{"line":202,"column":128},"end":{"line":202,"column":136}},{"start":{"line":202,"column":139},"end":{"line":202,"column":148}}],"line":202},"18":{"loc":{"start":{"line":211,"column":6},"end":{"line":213,"column":38}},"type":"binary-expr","locations":[{"start":{"line":211,"column":6},"end":{"line":211,"column":53}},{"start":{"line":212,"column":6},"end":{"line":212,"column":51}},{"start":{"line":213,"column":6},"end":{"line":213,"column":38}}],"line":211}},"s":{"0":0,"1":0,"2":0,"3":0,"4":0,"5":0,"6":0,"7":0,"8":0,"9":0,"10":0,"11":0,"12":0,"13":0,"14":0,"15":0,"16":0,"17":0,"18":0,"19":0,"20":0,"21":0,"22":0,"23":0,"24":0,"25":0,"26":0,"27":0,"28":0,"29":0,"30":0,"31":0,"32":0,"33":0,"34":0,"35":0,"36":0,"37":0,"38":0,"39":0,"40":0,"41":0,"42":0,"43":0,"44":0,"45":0,"46":0,"47":0,"48":0,"49":0,"50":0,"51":0,"52":0,"53":0,"54":0,"55":0,"56":0,"57":0,"58":0,"59":0,"60":0,"61":0,"62":0,"63":0,"64":0,"65":0,"66":0,"67":0,"68":0,"69":0,"70":0,"71":0,"72":0,"73":0,"74":0,"75":0,"76":0,"77":0,"78":0,"79":0,"80":0,"81":0,"82":0,"83":0,"84":0,"85":0,"86":0,"87":0,"88":0,"89":0,"90":0,"91":0,"92":0,"93":0,"94":0,"95":0,"96":0,"97":0},"f":{"0":0,"1":0,"2":0,"3":0,"4":0,"5":0,"6":0,"7":0,"8":0,"9":0,"10":0,"11":0,"12":0,"13":0,"14":0,"15":0,"16":0,"17":0,"18":0,"19":0,"20":0,"21":0,"22":0,"23":0,"24":0,"25":0,"26":0,"27":0,"28":0,"29":0,"30":0,"31":0,"32":0,"33":0,"34":0,"35":0,"36":0,"37":0,"38":0,"39":0,"40":0},"b":{"0":[0,0],"1":[0,0],"2":[0,0],"3":[0,0],"4":[0,0],"5":[0,0,0],"6":[0,0],"7":[0,0],"8":[0,0],"9":[0,0],"10":[0,0],"11":[0,0,0],"12":[0,0],"13":[0,0],"14":[0,0],"15":[0,0],"16":[0,0],"17":[0,0],"18":[0,0,0]}}
,"E:\\AI_IT - Copy1\\react-native-redux-app\\src\\Redux\\Slices\\userSlice.ts": {"path":"E:\\AI_IT - Copy1\\react-native-redux-app\\src\\Redux\\Slices\\userSlice.ts","statementMap":{"0":{"start":{"line":13,"column":32},"end":{"line":15,"column":1}},"1":{"start":{"line":17,"column":18},"end":{"line":28,"column":2}},"2":{"start":{"line":22,"column":6},"end":{"line":22,"column":38}},"3":{"start":{"line":25,"column":6},"end":{"line":25,"column":28}},"4":{"start":{"line":30,"column":49},"end":{"line":30,"column":66}},"5":{"start":{"line":32,"column":30},"end":{"line":32,"column":81}},"6":{"start":{"line":32,"column":62},"end":{"line":32,"column":81}}},"fnMap":{"0":{"name":"(anonymous_0)","decl":{"start":{"line":21,"column":20},"end":{"line":21,"column":21}},"loc":{"start":{"line":21,"column":39},"end":{"line":23,"column":5}},"line":21},"1":{"name":"(anonymous_1)","decl":{"start":{"line":24,"column":19},"end":{"line":24,"column":20}},"loc":{"start":{"line":24,"column":30},"end":{"line":26,"column":5}},"line":24},"2":{"name":"(anonymous_2)","decl":{"start":{"line":32,"column":30},"end":{"line":32,"column":31}},"loc":{"start":{"line":32,"column":62},"end":{"line":32,"column":81}},"line":32}},"branchMap":{},"s":{"0":0,"1":0,"2":0,"3":0,"4":0,"5":0,"6":0},"f":{"0":0,"1":0,"2":0},"b":{}}
,"E:\\AI_IT - Copy1\\react-native-redux-app\\src\\Screens\\AddBudgetScreen.tsx": {"path":"E:\\AI_IT - Copy1\\react-native-redux-app\\src\\Screens\\AddBudgetScreen.tsx","statementMap":{"0":{"start":{"line":19,"column":0},"end":{"line":19,"column":32}},"1":{"start":{"line":20,"column":0},"end":{"line":20,"column":29}},"2":{"start":{"line":22,"column":21},"end":{"line":25,"column":1}},"3":{"start":{"line":23,"column":19},"end":{"line":23,"column":41}},"4":{"start":{"line":24,"column":2},"end":{"line":24,"column":56}},"5":{"start":{"line":27,"column":26},"end":{"line":31,"column":1}},"6":{"start":{"line":28,"column":2},"end":{"line":28,"column":25}},"7":{"start":{"line":28,"column":13},"end":{"line":28,"column":25}},"8":{"start":{"line":29,"column":20},"end":{"line":29,"column":72}},"9":{"start":{"line":30,"column":2},"end":{"line":30,"column":30}},"10":{"start":{"line":33,"column":33},"end":{"line":37,"column":1}},"11":{"start":{"line":34,"column":16},"end":{"line":34,"column":46}},"12":{"start":{"line":35,"column":14},"end":{"line":35,"column":42}},"13":{"start":{"line":36,"column":2},"end":{"line":36,"column":35}},"14":{"start":{"line":48,"column":17},"end":{"line":48,"column":28}},"15":{"start":{"line":49,"column":19},"end":{"line":49,"column":32}},"16":{"start":{"line":50,"column":27},"end":{"line":50,"column":91}},"17":{"start":{"line":50,"column":55},"end":{"line":50,"column":90}},"18":{"start":{"line":52,"column":30},"end":{"line":52,"column":42}},"19":{"start":{"line":53,"column":36},"end":{"line":53,"column":48}},"20":{"start":{"line":54,"column":32},"end":{"line":54,"column":44}},"21":{"start":{"line":55,"column":30},"end":{"line":55,"column":54}},"22":{"start":{"line":57,"column":29},"end":{"line":60,"column":3}},"23":{"start":{"line":58,"column":28},"end":{"line":58,"column":46}},"24":{"start":{"line":59,"column":4},"end":{"line":59,"column":31}},"25":{"start":{"line":62,"column":26},"end":{"line":75,"column":3}},"26":{"start":{"line":63,"column":24},"end":{"line":63,"column":47}},"27":{"start":{"line":64,"column":24},"end":{"line":64,"column":26}},"28":{"start":{"line":65,"column":4},"end":{"line":73,"column":5}},"29":{"start":{"line":66,"column":6},"end":{"line":66,"column":50}},"30":{"start":{"line":67,"column":6},"end":{"line":69,"column":7}},"31":{"start":{"line":68,"column":8},"end":{"line":68,"column":59}},"32":{"start":{"line":70,"column":6},"end":{"line":72,"column":7}},"33":{"start":{"line":71,"column":8},"end":{"line":71,"column":59}},"34":{"start":{"line":74,"column":4},"end":{"line":74,"column":25}},"35":{"start":{"line":77,"column":32},"end":{"line":83,"column":3}},"36":{"start":{"line":78,"column":26},"end":{"line":78,"column":47}},"37":{"start":{"line":79,"column":4},"end":{"line":79,"column":32}},"38":{"start":{"line":80,"column":4},"end":{"line":82,"column":5}},"39":{"start":{"line":81,"column":6},"end":{"line":81,"column":44}},"40":{"start":{"line":85,"column":30},"end":{"line":91,"column":3}},"41":{"start":{"line":86,"column":26},"end":{"line":86,"column":47}},"42":{"start":{"line":87,"column":4},"end":{"line":87,"column":30}},"43":{"start":{"line":88,"column":4},"end":{"line":90,"column":5}},"44":{"start":{"line":89,"column":6},"end":{"line":89,"column":46}},"45":{"start":{"line":93,"column":24},"end":{"line":110,"column":3}},"46":{"start":{"line":94,"column":34},"end":{"line":94,"column":111}},"47":{"start":{"line":96,"column":4},"end":{"line":98,"column":5}},"48":{"start":{"line":97,"column":6},"end":{"line":97,"column":63}},"49":{"start":{"line":99,"column":4},"end":{"line":101,"column":5}},"50":{"start":{"line":100,"column":6},"end":{"line":100,"column":61}},"51":{"start":{"line":103,"column":4},"end":{"line":105,"column":5}},"52":{"start":{"line":104,"column":6},"end":{"line":104,"column":76}},"53":{"start":{"line":107,"column":4},"end":{"line":107,"column":25}},"54":{"start":{"line":109,"column":4},"end":{"line":109,"column":92}},"55":{"start":{"line":109,"column":75},"end":{"line":109,"column":90}},"56":{"start":{"line":112,"column":23},"end":{"line":143,"column":3}},"57":{"start":{"line":113,"column":34},"end":{"line":113,"column":36}},"58":{"start":{"line":115,"column":4},"end":{"line":117,"column":5}},"59":{"start":{"line":116,"column":6},"end":{"line":116,"column":54}},"60":{"start":{"line":119,"column":4},"end":{"line":121,"column":5}},"61":{"start":{"line":120,"column":6},"end":{"line":120,"column":55}},"62":{"start":{"line":123,"column":4},"end":{"line":127,"column":5}},"63":{"start":{"line":124,"column":6},"end":{"line":124,"column":54}},"64":{"start":{"line":125,"column":11},"end":{"line":127,"column":5}},"65":{"start":{"line":126,"column":6},"end":{"line":126,"column":63}},"66":{"start":{"line":129,"column":4},"end":{"line":133,"column":5}},"67":{"start":{"line":130,"column":6},"end":{"line":130,"column":50}},"68":{"start":{"line":131,"column":11},"end":{"line":133,"column":5}},"69":{"start":{"line":132,"column":6},"end":{"line":132,"column":61}},"70":{"start":{"line":135,"column":4},"end":{"line":139,"column":5}},"71":{"start":{"line":136,"column":6},"end":{"line":138,"column":7}},"72":{"start":{"line":137,"column":8},"end":{"line":137,"column":78}},"73":{"start":{"line":141,"column":4},"end":{"line":141,"column":25}},"74":{"start":{"line":142,"column":4},"end":{"line":142,"column":92}},"75":{"start":{"line":142,"column":75},"end":{"line":142,"column":90}},"76":{"start":{"line":145,"column":23},"end":{"line":162,"column":3}},"77":{"start":{"line":146,"column":4},"end":{"line":161,"column":5}},"78":{"start":{"line":147,"column":28},"end":{"line":147,"column":67}},"79":{"start":{"line":148,"column":48},"end":{"line":148,"column":80}},"80":{"start":{"line":149,"column":42},"end":{"line":149,"column":72}},"81":{"start":{"line":151,"column":6},"end":{"line":157,"column":10}},"82":{"start":{"line":159,"column":6},"end":{"line":159,"column":43}},"83":{"start":{"line":160,"column":6},"end":{"line":160,"column":27}},"84":{"start":{"line":164,"column":2},"end":{"line":247,"column":4}},"85":{"start":{"line":168,"column":10},"end":{"line":168,"column":47}},"86":{"start":{"line":169,"column":10},"end":{"line":169,"column":31}},"87":{"start":{"line":181,"column":25},"end":{"line":181,"column":63}},"88":{"start":{"line":250,"column":15},"end":{"line":324,"column":2}}},"fnMap":{"0":{"name":"(anonymous_0)","decl":{"start":{"line":22,"column":21},"end":{"line":22,"column":22}},"loc":{"start":{"line":22,"column":38},"end":{"line":25,"column":1}},"line":22},"1":{"name":"(anonymous_1)","decl":{"start":{"line":27,"column":26},"end":{"line":27,"column":27}},"loc":{"start":{"line":27,"column":53},"end":{"line":31,"column":1}},"line":27},"2":{"name":"(anonymous_2)","decl":{"start":{"line":33,"column":33},"end":{"line":33,"column":34}},"loc":{"start":{"line":33,"column":82},"end":{"line":37,"column":1}},"line":33},"3":{"name":"AddBudgetScreen","decl":{"start":{"line":47,"column":24},"end":{"line":47,"column":39}},"loc":{"start":{"line":47,"column":42},"end":{"line":248,"column":1}},"line":47},"4":{"name":"(anonymous_4)","decl":{"start":{"line":50,"column":39},"end":{"line":50,"column":40}},"loc":{"start":{"line":50,"column":55},"end":{"line":50,"column":90}},"line":50},"5":{"name":"(anonymous_5)","decl":{"start":{"line":57,"column":29},"end":{"line":57,"column":30}},"loc":{"start":{"line":57,"column":47},"end":{"line":60,"column":3}},"line":57},"6":{"name":"(anonymous_6)","decl":{"start":{"line":62,"column":26},"end":{"line":62,"column":27}},"loc":{"start":{"line":62,"column":44},"end":{"line":75,"column":3}},"line":62},"7":{"name":"(anonymous_7)","decl":{"start":{"line":77,"column":32},"end":{"line":77,"column":33}},"loc":{"start":{"line":77,"column":50},"end":{"line":83,"column":3}},"line":77},"8":{"name":"(anonymous_8)","decl":{"start":{"line":85,"column":30},"end":{"line":85,"column":31}},"loc":{"start":{"line":85,"column":48},"end":{"line":91,"column":3}},"line":85},"9":{"name":"(anonymous_9)","decl":{"start":{"line":93,"column":24},"end":{"line":93,"column":25}},"loc":{"start":{"line":93,"column":56},"end":{"line":110,"column":3}},"line":93},"10":{"name":"(anonymous_10)","decl":{"start":{"line":109,"column":66},"end":{"line":109,"column":67}},"loc":{"start":{"line":109,"column":75},"end":{"line":109,"column":90}},"line":109},"11":{"name":"(anonymous_11)","decl":{"start":{"line":112,"column":23},"end":{"line":112,"column":24}},"loc":{"start":{"line":112,"column":29},"end":{"line":143,"column":3}},"line":112},"12":{"name":"(anonymous_12)","decl":{"start":{"line":142,"column":66},"end":{"line":142,"column":67}},"loc":{"start":{"line":142,"column":75},"end":{"line":142,"column":90}},"line":142},"13":{"name":"(anonymous_13)","decl":{"start":{"line":145,"column":23},"end":{"line":145,"column":24}},"loc":{"start":{"line":145,"column":29},"end":{"line":162,"column":3}},"line":145},"14":{"name":"(anonymous_14)","decl":{"start":{"line":167,"column":35},"end":{"line":167,"column":36}},"loc":{"start":{"line":167,"column":41},"end":{"line":170,"column":9}},"line":167},"15":{"name":"(anonymous_15)","decl":{"start":{"line":181,"column":19},"end":{"line":181,"column":20}},"loc":{"start":{"line":181,"column":25},"end":{"line":181,"column":63}},"line":181}},"branchMap":{"0":{"loc":{"start":{"line":28,"column":2},"end":{"line":28,"column":25}},"type":"if","locations":[{"start":{"line":28,"column":2},"end":{"line":28,"column":25}},{"start":{},"end":{}}],"line":28},"1":{"loc":{"start":{"line":65,"column":4},"end":{"line":73,"column":5}},"type":"if","locations":[{"start":{"line":65,"column":4},"end":{"line":73,"column":5}},{"start":{},"end":{}}],"line":65},"2":{"loc":{"start":{"line":67,"column":6},"end":{"line":69,"column":7}},"type":"if","locations":[{"start":{"line":67,"column":6},"end":{"line":69,"column":7}},{"start":{},"end":{}}],"line":67},"3":{"loc":{"start":{"line":70,"column":6},"end":{"line":72,"column":7}},"type":"if","locations":[{"start":{"line":70,"column":6},"end":{"line":72,"column":7}},{"start":{},"end":{}}],"line":70},"4":{"loc":{"start":{"line":80,"column":4},"end":{"line":82,"column":5}},"type":"if","locations":[{"start":{"line":80,"column":4},"end":{"line":82,"column":5}},{"start":{},"end":{}}],"line":80},"5":{"loc":{"start":{"line":80,"column":8},"end":{"line":80,"column":60}},"type":"binary-expr","locations":[{"start":{"line":80,"column":8},"end":{"line":80,"column":35}},{"start":{"line":80,"column":39},"end":{"line":80,"column":60}}],"line":80},"6":{"loc":{"start":{"line":88,"column":4},"end":{"line":90,"column":5}},"type":"if","locations":[{"start":{"line":88,"column":4},"end":{"line":90,"column":5}},{"start":{},"end":{}}],"line":88},"7":{"loc":{"start":{"line":88,"column":8},"end":{"line":88,"column":62}},"type":"binary-expr","locations":[{"start":{"line":88,"column":8},"end":{"line":88,"column":31}},{"start":{"line":88,"column":35},"end":{"line":88,"column":62}}],"line":88},"8":{"loc":{"start":{"line":96,"column":4},"end":{"line":98,"column":5}},"type":"if","locations":[{"start":{"line":96,"column":4},"end":{"line":98,"column":5}},{"start":{},"end":{}}],"line":96},"9":{"loc":{"start":{"line":99,"column":4},"end":{"line":101,"column":5}},"type":"if","locations":[{"start":{"line":99,"column":4},"end":{"line":101,"column":5}},{"start":{},"end":{}}],"line":99},"10":{"loc":{"start":{"line":103,"column":4},"end":{"line":105,"column":5}},"type":"if","locations":[{"start":{"line":103,"column":4},"end":{"line":105,"column":5}},{"start":{},"end":{}}],"line":103},"11":{"loc":{"start":{"line":103,"column":8},"end":{"line":103,"column":99}},"type":"binary-expr","locations":[{"start":{"line":103,"column":8},"end":{"line":103,"column":32}},{"start":{"line":103,"column":36},"end":{"line":103,"column":58}},{"start":{"line":103,"column":62},"end":{"line":103,"column":99}}],"line":103},"12":{"loc":{"start":{"line":115,"column":4},"end":{"line":117,"column":5}},"type":"if","locations":[{"start":{"line":115,"column":4},"end":{"line":117,"column":5}},{"start":{},"end":{}}],"line":115},"13":{"loc":{"start":{"line":119,"column":4},"end":{"line":121,"column":5}},"type":"if","locations":[{"start":{"line":119,"column":4},"end":{"line":121,"column":5}},{"start":{},"end":{}}],"line":119},"14":{"loc":{"start":{"line":119,"column":8},"end":{"line":119,"column":63}},"type":"binary-expr","locations":[{"start":{"line":119,"column":8},"end":{"line":119,"column":15}},{"start":{"line":119,"column":19},"end":{"line":119,"column":63}}],"line":119},"15":{"loc":{"start":{"line":123,"column":4},"end":{"line":127,"column":5}},"type":"if","locations":[{"start":{"line":123,"column":4},"end":{"line":127,"column":5}},{"start":{"line":125,"column":11},"end":{"line":127,"column":5}}],"line":123},"16":{"loc":{"start":{"line":125,"column":11},"end":{"line":127,"column":5}},"type":"if","locations":[{"start":{"line":125,"column":11},"end":{"line":127,"column":5}},{"start":{},"end":{}}],"line":125},"17":{"loc":{"start":{"line":129,"column":4},"end":{"line":133,"column":5}},"type":"if","locations":[{"start":{"line":129,"column":4},"end":{"line":133,"column":5}},{"start":{"line":131,"column":11},"end":{"line":133,"column":5}}],"line":129},"18":{"loc":{"start":{"line":131,"column":11},"end":{"line":133,"column":5}},"type":"if","locations":[{"start":{"line":131,"column":11},"end":{"line":133,"column":5}},{"start":{},"end":{}}],"line":131},"19":{"loc":{"start":{"line":135,"column":4},"end":{"line":139,"column":5}},"type":"if","locations":[{"start":{"line":135,"column":4},"end":{"line":139,"column":5}},{"start":{},"end":{}}],"line":135},"20":{"loc":{"start":{"line":135,"column":8},"end":{"line":135,"column":66}},"type":"binary-expr","locations":[{"start":{"line":135,"column":8},"end":{"line":135,"column":36}},{"start":{"line":135,"column":40},"end":{"line":135,"column":66}}],"line":135},"21":{"loc":{"start":{"line":136,"column":6},"end":{"line":138,"column":7}},"type":"if","locations":[{"start":{"line":136,"column":6},"end":{"line":138,"column":7}},{"start":{},"end":{}}],"line":136},"22":{"loc":{"start":{"line":146,"column":4},"end":{"line":161,"column":5}},"type":"if","locations":[{"start":{"line":146,"column":4},"end":{"line":161,"column":5}},{"start":{},"end":{}}],"line":146},"23":{"loc":{"start":{"line":183,"column":23},"end":{"line":183,"column":79}},"type":"cond-expr","locations":[{"start":{"line":183,"column":42},"end":{"line":183,"column":58}},{"start":{"line":183,"column":61},"end":{"line":183,"column":79}}],"line":183},"24":{"loc":{"start":{"line":184,"column":13},"end":{"line":184,"column":50}},"type":"binary-expr","locations":[{"start":{"line":184,"column":13},"end":{"line":184,"column":29}},{"start":{"line":184,"column":33},"end":{"line":184,"column":50}}],"line":184},"25":{"loc":{"start":{"line":188,"column":9},"end":{"line":188,"column":83}},"type":"binary-expr","locations":[{"start":{"line":188,"column":9},"end":{"line":188,"column":24}},{"start":{"line":188,"column":28},"end":{"line":188,"column":83}}],"line":188},"26":{"loc":{"start":{"line":202,"column":9},"end":{"line":202,"column":79}},"type":"binary-expr","locations":[{"start":{"line":202,"column":9},"end":{"line":202,"column":22}},{"start":{"line":202,"column":26},"end":{"line":202,"column":79}}],"line":202},"27":{"loc":{"start":{"line":216,"column":9},"end":{"line":216,"column":85}},"type":"binary-expr","locations":[{"start":{"line":216,"column":9},"end":{"line":216,"column":25}},{"start":{"line":216,"column":29},"end":{"line":216,"column":85}}],"line":216},"28":{"loc":{"start":{"line":230,"column":9},"end":{"line":230,"column":81}},"type":"binary-expr","locations":[{"start":{"line":230,"column":9},"end":{"line":230,"column":23}},{"start":{"line":230,"column":27},"end":{"line":230,"column":81}}],"line":230},"29":{"loc":{"start":{"line":232,"column":9},"end":{"line":232,"column":85}},"type":"binary-expr","locations":[{"start":{"line":232,"column":9},"end":{"line":232,"column":25}},{"start":{"line":232,"column":29},"end":{"line":232,"column":85}}],"line":232},"30":{"loc":{"start":{"line":237,"column":12},"end":{"line":238,"column":39}},"type":"binary-expr","locations":[{"start":{"line":237,"column":13},"end":{"line":237,"column":30}},{"start":{"line":237,"column":34},"end":{"line":237,"column":41}},{"start":{"line":237,"column":45},"end":{"line":237,"column":55}},{"start":{"line":237,"column":59},"end":{"line":237,"column":67}},{"start":{"line":237,"column":71},"end":{"line":237,"column":106}},{"start":{"line":238,"column":12},"end":{"line":238,"column":39}}],"line":237},"31":{"loc":{"start":{"line":241,"column":20},"end":{"line":241,"column":113}},"type":"binary-expr","locations":[{"start":{"line":241,"column":20},"end":{"line":241,"column":37}},{"start":{"line":241,"column":41},"end":{"line":241,"column":48}},{"start":{"line":241,"column":52},"end":{"line":241,"column":62}},{"start":{"line":241,"column":66},"end":{"line":241,"column":74}},{"start":{"line":241,"column":78},"end":{"line":241,"column":113}}],"line":241}},"s":{"0":0,"1":0,"2":0,"3":0,"4":0,"5":0,"6":0,"7":0,"8":0,"9":0,"10":0,"11":0,"12":0,"13":0,"14":0,"15":0,"16":0,"17":0,"18":0,"19":0,"20":0,"21":0,"22":0,"23":0,"24":0,"25":0,"26":0,"27":0,"28":0,"29":0,"30":0,"31":0,"32":0,"33":0,"34":0,"35":0,"36":0,"37":0,"38":0,"39":0,"40":0,"41":0,"42":0,"43":0,"44":0,"45":0,"46":0,"47":0,"48":0,"49":0,"50":0,"51":0,"52":0,"53":0,"54":0,"55":0,"56":0,"57":0,"58":0,"59":0,"60":0,"61":0,"62":0,"63":0,"64":0,"65":0,"66":0,"67":0,"68":0,"69":0,"70":0,"71":0,"72":0,"73":0,"74":0,"75":0,"76":0,"77":0,"78":0,"79":0,"80":0,"81":0,"82":0,"83":0,"84":0,"85":0,"86":0,"87":0,"88":0},"f":{"0":0,"1":0,"2":0,"3":0,"4":0,"5":0,"6":0,"7":0,"8":0,"9":0,"10":0,"11":0,"12":0,"13":0,"14":0,"15":0},"b":{"0":[0,0],"1":[0,0],"2":[0,0],"3":[0,0],"4":[0,0],"5":[0,0],"6":[0,0],"7":[0,0],"8":[0,0],"9":[0,0],"10":[0,0],"11":[0,0,0],"12":[0,0],"13":[0,0],"14":[0,0],"15":[0,0],"16":[0,0],"17":[0,0],"18":[0,0],"19":[0,0],"20":[0,0],"21":[0,0],"22":[0,0],"23":[0,0],"24":[0,0],"25":[0,0],"26":[0,0],"27":[0,0],"28":[0,0],"29":[0,0],"30":[0,0,0,0,0,0],"31":[0,0,0,0,0]}}
,"E:\\AI_IT - Copy1\\react-native-redux-app\\src\\Screens\\AddExpenseScreen.tsx": {"path":"E:\\AI_IT - Copy1\\react-native-redux-app\\src\\Screens\\AddExpenseScreen.tsx","statementMap":{"0":{"start":{"line":17,"column":17},"end":{"line":17,"column":28}},"1":{"start":{"line":18,"column":19},"end":{"line":18,"column":32}},"2":{"start":{"line":19,"column":30},"end":{"line":19,"column":100}},"3":{"start":{"line":19,"column":64},"end":{"line":19,"column":99}},"4":{"start":{"line":20,"column":30},"end":{"line":20,"column":42}},"5":{"start":{"line":21,"column":26},"end":{"line":21,"column":38}},"6":{"start":{"line":22,"column":36},"end":{"line":22,"column":48}},"7":{"start":{"line":24,"column":23},"end":{"line":27,"column":3}},"8":{"start":{"line":25,"column":21},"end":{"line":25,"column":43}},"9":{"start":{"line":26,"column":4},"end":{"line":26,"column":58}},"10":{"start":{"line":29,"column":29},"end":{"line":32,"column":3}},"11":{"start":{"line":30,"column":28},"end":{"line":30,"column":46}},"12":{"start":{"line":31,"column":4},"end":{"line":31,"column":31}},"13":{"start":{"line":34,"column":23},"end":{"line":51,"column":3}},"14":{"start":{"line":35,"column":22},"end":{"line":35,"column":74}},"15":{"start":{"line":36,"column":4},"end":{"line":39,"column":5}},"16":{"start":{"line":37,"column":6},"end":{"line":37,"column":61}},"17":{"start":{"line":38,"column":6},"end":{"line":38,"column":19}},"18":{"start":{"line":41,"column":31},"end":{"line":41,"column":59}},"19":{"start":{"line":42,"column":17},"end":{"line":42,"column":47}},"20":{"start":{"line":44,"column":4},"end":{"line":47,"column":5}},"21":{"start":{"line":45,"column":6},"end":{"line":45,"column":48}},"22":{"start":{"line":46,"column":6},"end":{"line":46,"column":19}},"23":{"start":{"line":49,"column":4},"end":{"line":49,"column":21}},"24":{"start":{"line":50,"column":4},"end":{"line":50,"column":16}},"25":{"start":{"line":53,"column":27},"end":{"line":74,"column":3}},"26":{"start":{"line":54,"column":24},"end":{"line":54,"column":47}},"27":{"start":{"line":56,"column":24},"end":{"line":56,"column":26}},"28":{"start":{"line":57,"column":4},"end":{"line":65,"column":5}},"29":{"start":{"line":58,"column":6},"end":{"line":58,"column":50}},"30":{"start":{"line":59,"column":6},"end":{"line":61,"column":7}},"31":{"start":{"line":60,"column":8},"end":{"line":60,"column":59}},"32":{"start":{"line":62,"column":6},"end":{"line":64,"column":7}},"33":{"start":{"line":63,"column":8},"end":{"line":63,"column":59}},"34":{"start":{"line":67,"column":4},"end":{"line":67,"column":27}},"35":{"start":{"line":69,"column":4},"end":{"line":73,"column":5}},"36":{"start":{"line":70,"column":6},"end":{"line":70,"column":34}},"37":{"start":{"line":72,"column":6},"end":{"line":72,"column":23}},"38":{"start":{"line":76,"column":23},"end":{"line":100,"column":3}},"39":{"start":{"line":77,"column":4},"end":{"line":79,"column":5}},"40":{"start":{"line":78,"column":6},"end":{"line":78,"column":13}},"41":{"start":{"line":81,"column":4},"end":{"line":83,"column":5}},"42":{"start":{"line":82,"column":6},"end":{"line":82,"column":13}},"43":{"start":{"line":85,"column":31},"end":{"line":85,"column":46}},"44":{"start":{"line":86,"column":26},"end":{"line":86,"column":51}},"45":{"start":{"line":87,"column":26},"end":{"line":87,"column":65}},"46":{"start":{"line":89,"column":4},"end":{"line":89,"column":45}},"47":{"start":{"line":90,"column":4},"end":{"line":97,"column":8}},"48":{"start":{"line":99,"column":4},"end":{"line":99,"column":25}},"49":{"start":{"line":102,"column":2},"end":{"line":163,"column":4}},"50":{"start":{"line":105,"column":41},"end":{"line":105,"column":61}},"51":{"start":{"line":116,"column":25},"end":{"line":116,"column":55}},"52":{"start":{"line":166,"column":15},"end":{"line":240,"column":2}}},"fnMap":{"0":{"name":"AddExpenseScreen","decl":{"start":{"line":16,"column":24},"end":{"line":16,"column":40}},"loc":{"start":{"line":16,"column":43},"end":{"line":164,"column":1}},"line":16},"1":{"name":"(anonymous_1)","decl":{"start":{"line":19,"column":42},"end":{"line":19,"column":43}},"loc":{"start":{"line":19,"column":64},"end":{"line":19,"column":99}},"line":19},"2":{"name":"(anonymous_2)","decl":{"start":{"line":24,"column":23},"end":{"line":24,"column":24}},"loc":{"start":{"line":24,"column":40},"end":{"line":27,"column":3}},"line":24},"3":{"name":"(anonymous_3)","decl":{"start":{"line":29,"column":29},"end":{"line":29,"column":30}},"loc":{"start":{"line":29,"column":47},"end":{"line":32,"column":3}},"line":29},"4":{"name":"(anonymous_4)","decl":{"start":{"line":34,"column":23},"end":{"line":34,"column":24}},"loc":{"start":{"line":34,"column":42},"end":{"line":51,"column":3}},"line":34},"5":{"name":"(anonymous_5)","decl":{"start":{"line":53,"column":27},"end":{"line":53,"column":28}},"loc":{"start":{"line":53,"column":45},"end":{"line":74,"column":3}},"line":53},"6":{"name":"(anonymous_6)","decl":{"start":{"line":76,"column":23},"end":{"line":76,"column":24}},"loc":{"start":{"line":76,"column":29},"end":{"line":100,"column":3}},"line":76},"7":{"name":"(anonymous_7)","decl":{"start":{"line":105,"column":35},"end":{"line":105,"column":36}},"loc":{"start":{"line":105,"column":41},"end":{"line":105,"column":61}},"line":105},"8":{"name":"(anonymous_8)","decl":{"start":{"line":116,"column":19},"end":{"line":116,"column":20}},"loc":{"start":{"line":116,"column":25},"end":{"line":116,"column":55}},"line":116}},"branchMap":{"0":{"loc":{"start":{"line":36,"column":4},"end":{"line":39,"column":5}},"type":"if","locations":[{"start":{"line":36,"column":4},"end":{"line":39,"column":5}},{"start":{},"end":{}}],"line":36},"1":{"loc":{"start":{"line":44,"column":4},"end":{"line":47,"column":5}},"type":"if","locations":[{"start":{"line":44,"column":4},"end":{"line":47,"column":5}},{"start":{},"end":{}}],"line":44},"2":{"loc":{"start":{"line":44,"column":8},"end":{"line":44,"column":94}},"type":"binary-expr","locations":[{"start":{"line":44,"column":8},"end":{"line":44,"column":35}},{"start":{"line":44,"column":39},"end":{"line":44,"column":68}},{"start":{"line":44,"column":72},"end":{"line":44,"column":94}}],"line":44},"3":{"loc":{"start":{"line":57,"column":4},"end":{"line":65,"column":5}},"type":"if","locations":[{"start":{"line":57,"column":4},"end":{"line":65,"column":5}},{"start":{},"end":{}}],"line":57},"4":{"loc":{"start":{"line":59,"column":6},"end":{"line":61,"column":7}},"type":"if","locations":[{"start":{"line":59,"column":6},"end":{"line":61,"column":7}},{"start":{},"end":{}}],"line":59},"5":{"loc":{"start":{"line":62,"column":6},"end":{"line":64,"column":7}},"type":"if","locations":[{"start":{"line":62,"column":6},"end":{"line":64,"column":7}},{"start":{},"end":{}}],"line":62},"6":{"loc":{"start":{"line":69,"column":4},"end":{"line":73,"column":5}},"type":"if","locations":[{"start":{"line":69,"column":4},"end":{"line":73,"column":5}},{"start":{"line":71,"column":11},"end":{"line":73,"column":5}}],"line":69},"7":{"loc":{"start":{"line":77,"column":4},"end":{"line":79,"column":5}},"type":"if","locations":[{"start":{"line":77,"column":4},"end":{"line":79,"column":5}},{"start":{},"end":{}}],"line":77},"8":{"loc":{"start":{"line":77,"column":8},"end":{"line":77,"column":48}},"type":"binary-expr","locations":[{"start":{"line":77,"column":8},"end":{"line":77,"column":28}},{"start":{"line":77,"column":32},"end":{"line":77,"column":39}},{"start":{"line":77,"column":43},"end":{"line":77,"column":48}}],"line":77},"9":{"loc":{"start":{"line":81,"column":4},"end":{"line":83,"column":5}},"type":"if","locations":[{"start":{"line":81,"column":4},"end":{"line":83,"column":5}},{"start":{},"end":{}}],"line":81},"10":{"loc":{"start":{"line":118,"column":23},"end":{"line":118,"column":82}},"type":"cond-expr","locations":[{"start":{"line":118,"column":45},"end":{"line":118,"column":61}},{"start":{"line":118,"column":64},"end":{"line":118,"column":82}}],"line":118},"11":{"loc":{"start":{"line":119,"column":13},"end":{"line":119,"column":52}},"type":"binary-expr","locations":[{"start":{"line":119,"column":13},"end":{"line":119,"column":32}},{"start":{"line":119,"column":36},"end":{"line":119,"column":52}}],"line":119},"12":{"loc":{"start":{"line":149,"column":9},"end":{"line":149,"column":77}},"type":"cond-expr","locations":[{"start":{"line":149,"column":21},"end":{"line":149,"column":70}},{"start":{"line":149,"column":73},"end":{"line":149,"column":77}}],"line":149},"13":{"loc":{"start":{"line":154,"column":12},"end":{"line":154,"column":98}},"type":"binary-expr","locations":[{"start":{"line":154,"column":13},"end":{"line":154,"column":33}},{"start":{"line":154,"column":37},"end":{"line":154,"column":44}},{"start":{"line":154,"column":48},"end":{"line":154,"column":53}},{"start":{"line":154,"column":57},"end":{"line":154,"column":66}},{"start":{"line":154,"column":71},"end":{"line":154,"column":98}}],"line":154},"14":{"loc":{"start":{"line":157,"column":20},"end":{"line":157,"column":75}},"type":"binary-expr","locations":[{"start":{"line":157,"column":20},"end":{"line":157,"column":40}},{"start":{"line":157,"column":44},"end":{"line":157,"column":51}},{"start":{"line":157,"column":55},"end":{"line":157,"column":60}},{"start":{"line":157,"column":64},"end":{"line":157,"column":75}}],"line":157}},"s":{"0":0,"1":0,"2":0,"3":0,"4":0,"5":0,"6":0,"7":0,"8":0,"9":0,"10":0,"11":0,"12":0,"13":0,"14":0,"15":0,"16":0,"17":0,"18":0,"19":0,"20":0,"21":0,"22":0,"23":0,"24":0,"25":0,"26":0,"27":0,"28":0,"29":0,"30":0,"31":0,"32":0,"33":0,"34":0,"35":0,"36":0,"37":0,"38":0,"39":0,"40":0,"41":0,"42":0,"43":0,"44":0,"45":0,"46":0,"47":0,"48":0,"49":0,"50":0,"51":0,"52":0},"f":{"0":0,"1":0,"2":0,"3":0,"4":0,"5":0,"6":0,"7":0,"8":0},"b":{"0":[0,0],"1":[0,0],"2":[0,0,0],"3":[0,0],"4":[0,0],"5":[0,0],"6":[0,0],"7":[0,0],"8":[0,0,0],"9":[0,0],"10":[0,0],"11":[0,0],"12":[0,0],"13":[0,0,0,0,0],"14":[0,0,0,0]}}
,"E:\\AI_IT - Copy1\\react-native-redux-app\\src\\Screens\\AddIncomeScreen.tsx": {"path":"E:\\AI_IT - Copy1\\react-native-redux-app\\src\\Screens\\AddIncomeScreen.tsx","statementMap":{"0":{"start":{"line":17,"column":17},"end":{"line":17,"column":28}},"1":{"start":{"line":18,"column":19},"end":{"line":18,"column":32}},"2":{"start":{"line":19,"column":29},"end":{"line":19,"column":98}},"3":{"start":{"line":19,"column":63},"end":{"line":19,"column":97}},"4":{"start":{"line":20,"column":30},"end":{"line":20,"column":42}},"5":{"start":{"line":21,"column":26},"end":{"line":21,"column":38}},"6":{"start":{"line":22,"column":36},"end":{"line":22,"column":48}},"7":{"start":{"line":24,"column":23},"end":{"line":29,"column":3}},"8":{"start":{"line":26,"column":21},"end":{"line":26,"column":43}},"9":{"start":{"line":28,"column":4},"end":{"line":28,"column":58}},"10":{"start":{"line":31,"column":29},"end":{"line":35,"column":3}},"11":{"start":{"line":33,"column":28},"end":{"line":33,"column":46}},"12":{"start":{"line":34,"column":4},"end":{"line":34,"column":31}},"13":{"start":{"line":37,"column":23},"end":{"line":55,"column":3}},"14":{"start":{"line":39,"column":22},"end":{"line":39,"column":74}},"15":{"start":{"line":40,"column":4},"end":{"line":43,"column":5}},"16":{"start":{"line":41,"column":6},"end":{"line":41,"column":61}},"17":{"start":{"line":42,"column":6},"end":{"line":42,"column":19}},"18":{"start":{"line":45,"column":31},"end":{"line":45,"column":59}},"19":{"start":{"line":46,"column":17},"end":{"line":46,"column":47}},"20":{"start":{"line":48,"column":4},"end":{"line":51,"column":5}},"21":{"start":{"line":49,"column":6},"end":{"line":49,"column":48}},"22":{"start":{"line":50,"column":6},"end":{"line":50,"column":19}},"23":{"start":{"line":53,"column":4},"end":{"line":53,"column":21}},"24":{"start":{"line":54,"column":4},"end":{"line":54,"column":16}},"25":{"start":{"line":57,"column":27},"end":{"line":84,"column":3}},"26":{"start":{"line":59,"column":24},"end":{"line":59,"column":47}},"27":{"start":{"line":62,"column":24},"end":{"line":62,"column":26}},"28":{"start":{"line":63,"column":4},"end":{"line":74,"column":5}},"29":{"start":{"line":65,"column":6},"end":{"line":65,"column":50}},"30":{"start":{"line":66,"column":6},"end":{"line":69,"column":7}},"31":{"start":{"line":68,"column":8},"end":{"line":68,"column":59}},"32":{"start":{"line":70,"column":6},"end":{"line":73,"column":7}},"33":{"start":{"line":72,"column":8},"end":{"line":72,"column":59}},"34":{"start":{"line":76,"column":4},"end":{"line":76,"column":27}},"35":{"start":{"line":79,"column":4},"end":{"line":83,"column":5}},"36":{"start":{"line":80,"column":6},"end":{"line":80,"column":34}},"37":{"start":{"line":82,"column":6},"end":{"line":82,"column":23}},"38":{"start":{"line":86,"column":23},"end":{"line":111,"column":3}},"39":{"start":{"line":87,"column":4},"end":{"line":89,"column":5}},"40":{"start":{"line":88,"column":6},"end":{"line":88,"column":13}},"41":{"start":{"line":91,"column":4},"end":{"line":93,"column":5}},"42":{"start":{"line":92,"column":6},"end":{"line":92,"column":13}},"43":{"start":{"line":95,"column":31},"end":{"line":95,"column":46}},"44":{"start":{"line":96,"column":26},"end":{"line":96,"column":51}},"45":{"start":{"line":98,"column":26},"end":{"line":98,"column":65}},"46":{"start":{"line":100,"column":4},"end":{"line":100,"column":45}},"47":{"start":{"line":101,"column":4},"end":{"line":107,"column":8}},"48":{"start":{"line":110,"column":4},"end":{"line":110,"column":25}},"49":{"start":{"line":113,"column":2},"end":{"line":178,"column":4}},"50":{"start":{"line":116,"column":41},"end":{"line":116,"column":61}},"51":{"start":{"line":128,"column":25},"end":{"line":128,"column":54}},"52":{"start":{"line":181,"column":15},"end":{"line":255,"column":2}}},"fnMap":{"0":{"name":"AddIncomeScreen","decl":{"start":{"line":16,"column":24},"end":{"line":16,"column":39}},"loc":{"start":{"line":16,"column":42},"end":{"line":179,"column":1}},"line":16},"1":{"name":"(anonymous_1)","decl":{"start":{"line":19,"column":41},"end":{"line":19,"column":42}},"loc":{"start":{"line":19,"column":63},"end":{"line":19,"column":97}},"line":19},"2":{"name":"(anonymous_2)","decl":{"start":{"line":24,"column":23},"end":{"line":24,"column":24}},"loc":{"start":{"line":24,"column":40},"end":{"line":29,"column":3}},"line":24},"3":{"name":"(anonymous_3)","decl":{"start":{"line":31,"column":29},"end":{"line":31,"column":30}},"loc":{"start":{"line":31,"column":47},"end":{"line":35,"column":3}},"line":31},"4":{"name":"(anonymous_4)","decl":{"start":{"line":37,"column":23},"end":{"line":37,"column":24}},"loc":{"start":{"line":37,"column":42},"end":{"line":55,"column":3}},"line":37},"5":{"name":"(anonymous_5)","decl":{"start":{"line":57,"column":27},"end":{"line":57,"column":28}},"loc":{"start":{"line":57,"column":45},"end":{"line":84,"column":3}},"line":57},"6":{"name":"(anonymous_6)","decl":{"start":{"line":86,"column":23},"end":{"line":86,"column":24}},"loc":{"start":{"line":86,"column":29},"end":{"line":111,"column":3}},"line":86},"7":{"name":"(anonymous_7)","decl":{"start":{"line":116,"column":35},"end":{"line":116,"column":36}},"loc":{"start":{"line":116,"column":41},"end":{"line":116,"column":61}},"line":116},"8":{"name":"(anonymous_8)","decl":{"start":{"line":128,"column":19},"end":{"line":128,"column":20}},"loc":{"start":{"line":128,"column":25},"end":{"line":128,"column":54}},"line":128}},"branchMap":{"0":{"loc":{"start":{"line":40,"column":4},"end":{"line":43,"column":5}},"type":"if","locations":[{"start":{"line":40,"column":4},"end":{"line":43,"column":5}},{"start":{},"end":{}}],"line":40},"1":{"loc":{"start":{"line":48,"column":4},"end":{"line":51,"column":5}},"type":"if","locations":[{"start":{"line":48,"column":4},"end":{"line":51,"column":5}},{"start":{},"end":{}}],"line":48},"2":{"loc":{"start":{"line":48,"column":8},"end":{"line":48,"column":94}},"type":"binary-expr","locations":[{"start":{"line":48,"column":8},"end":{"line":48,"column":35}},{"start":{"line":48,"column":39},"end":{"line":48,"column":68}},{"start":{"line":48,"column":72},"end":{"line":48,"column":94}}],"line":48},"3":{"loc":{"start":{"line":63,"column":4},"end":{"line":74,"column":5}},"type":"if","locations":[{"start":{"line":63,"column":4},"end":{"line":74,"column":5}},{"start":{},"end":{}}],"line":63},"4":{"loc":{"start":{"line":66,"column":6},"end":{"line":69,"column":7}},"type":"if","locations":[{"start":{"line":66,"column":6},"end":{"line":69,"column":7}},{"start":{},"end":{}}],"line":66},"5":{"loc":{"start":{"line":70,"column":6},"end":{"line":73,"column":7}},"type":"if","locations":[{"start":{"line":70,"column":6},"end":{"line":73,"column":7}},{"start":{},"end":{}}],"line":70},"6":{"loc":{"start":{"line":79,"column":4},"end":{"line":83,"column":5}},"type":"if","locations":[{"start":{"line":79,"column":4},"end":{"line":83,"column":5}},{"start":{"line":81,"column":11},"end":{"line":83,"column":5}}],"line":79},"7":{"loc":{"start":{"line":87,"column":4},"end":{"line":89,"column":5}},"type":"if","locations":[{"start":{"line":87,"column":4},"end":{"line":89,"column":5}},{"start":{},"end":{}}],"line":87},"8":{"loc":{"start":{"line":87,"column":8},"end":{"line":87,"column":47}},"type":"binary-expr","locations":[{"start":{"line":87,"column":8},"end":{"line":87,"column":27}},{"start":{"line":87,"column":31},"end":{"line":87,"column":38}},{"start":{"line":87,"column":42},"end":{"line":87,"column":47}}],"line":87},"9":{"loc":{"start":{"line":91,"column":4},"end":{"line":93,"column":5}},"type":"if","locations":[{"start":{"line":91,"column":4},"end":{"line":93,"column":5}},{"start":{},"end":{}}],"line":91},"10":{"loc":{"start":{"line":130,"column":23},"end":{"line":130,"column":81}},"type":"cond-expr","locations":[{"start":{"line":130,"column":44},"end":{"line":130,"column":60}},{"start":{"line":130,"column":63},"end":{"line":130,"column":81}}],"line":130},"11":{"loc":{"start":{"line":131,"column":13},"end":{"line":131,"column":55}},"type":"binary-expr","locations":[{"start":{"line":131,"column":13},"end":{"line":131,"column":31}},{"start":{"line":131,"column":35},"end":{"line":131,"column":55}}],"line":131},"12":{"loc":{"start":{"line":163,"column":9},"end":{"line":163,"column":77}},"type":"cond-expr","locations":[{"start":{"line":163,"column":21},"end":{"line":163,"column":70}},{"start":{"line":163,"column":73},"end":{"line":163,"column":77}}],"line":163},"13":{"loc":{"start":{"line":169,"column":12},"end":{"line":169,"column":97}},"type":"binary-expr","locations":[{"start":{"line":169,"column":13},"end":{"line":169,"column":32}},{"start":{"line":169,"column":36},"end":{"line":169,"column":43}},{"start":{"line":169,"column":47},"end":{"line":169,"column":52}},{"start":{"line":169,"column":56},"end":{"line":169,"column":65}},{"start":{"line":169,"column":70},"end":{"line":169,"column":97}}],"line":169},"14":{"loc":{"start":{"line":172,"column":20},"end":{"line":172,"column":74}},"type":"binary-expr","locations":[{"start":{"line":172,"column":20},"end":{"line":172,"column":39}},{"start":{"line":172,"column":43},"end":{"line":172,"column":50}},{"start":{"line":172,"column":54},"end":{"line":172,"column":59}},{"start":{"line":172,"column":63},"end":{"line":172,"column":74}}],"line":172}},"s":{"0":0,"1":0,"2":0,"3":0,"4":0,"5":0,"6":0,"7":0,"8":0,"9":0,"10":0,"11":0,"12":0,"13":0,"14":0,"15":0,"16":0,"17":0,"18":0,"19":0,"20":0,"21":0,"22":0,"23":0,"24":0,"25":0,"26":0,"27":0,"28":0,"29":0,"30":0,"31":0,"32":0,"33":0,"34":0,"35":0,"36":0,"37":0,"38":0,"39":0,"40":0,"41":0,"42":0,"43":0,"44":0,"45":0,"46":0,"47":0,"48":0,"49":0,"50":0,"51":0,"52":0},"f":{"0":0,"1":0,"2":0,"3":0,"4":0,"5":0,"6":0,"7":0,"8":0},"b":{"0":[0,0],"1":[0,0],"2":[0,0,0],"3":[0,0],"4":[0,0],"5":[0,0],"6":[0,0],"7":[0,0],"8":[0,0,0],"9":[0,0],"10":[0,0],"11":[0,0],"12":[0,0],"13":[0,0,0,0,0],"14":[0,0,0,0]}}
,"E:\\AI_IT - Copy1\\react-native-redux-app\\src\\Screens\\ChartScreen.tsx": {"path":"E:\\AI_IT - Copy1\\react-native-redux-app\\src\\Screens\\ChartScreen.tsx","statementMap":{"0":{"start":{"line":22,"column":32},"end":{"line":22,"column":56}},"1":{"start":{"line":29,"column":20},"end":{"line":304,"column":1}},"2":{"start":{"line":30,"column":17},"end":{"line":30,"column":28}},"3":{"start":{"line":31,"column":23},"end":{"line":31,"column":86}},"4":{"start":{"line":31,"column":57},"end":{"line":31,"column":85}},"5":{"start":{"line":33,"column":26},"end":{"line":33,"column":41}},"6":{"start":{"line":34,"column":44},"end":{"line":34,"column":79}},"7":{"start":{"line":35,"column":42},"end":{"line":35,"column":54}},"8":{"start":{"line":36,"column":44},"end":{"line":36,"column":59}},"9":{"start":{"line":37,"column":36},"end":{"line":37,"column":48}},"10":{"start":{"line":38,"column":30},"end":{"line":45,"column":4}},"11":{"start":{"line":47,"column":26},"end":{"line":60,"column":3}},"12":{"start":{"line":48,"column":24},"end":{"line":48,"column":47}},"13":{"start":{"line":49,"column":24},"end":{"line":49,"column":26}},"14":{"start":{"line":50,"column":4},"end":{"line":58,"column":5}},"15":{"start":{"line":51,"column":6},"end":{"line":51,"column":50}},"16":{"start":{"line":52,"column":6},"end":{"line":54,"column":7}},"17":{"start":{"line":53,"column":8},"end":{"line":53,"column":59}},"18":{"start":{"line":55,"column":6},"end":{"line":57,"column":7}},"19":{"start":{"line":56,"column":8},"end":{"line":56,"column":59}},"20":{"start":{"line":59,"column":4},"end":{"line":59,"column":25}},"21":{"start":{"line":62,"column":23},"end":{"line":79,"column":3}},"22":{"start":{"line":63,"column":22},"end":{"line":63,"column":74}},"23":{"start":{"line":64,"column":4},"end":{"line":67,"column":5}},"24":{"start":{"line":65,"column":6},"end":{"line":65,"column":61}},"25":{"start":{"line":66,"column":6},"end":{"line":66,"column":19}},"26":{"start":{"line":69,"column":31},"end":{"line":69,"column":64}},"27":{"start":{"line":70,"column":17},"end":{"line":70,"column":47}},"28":{"start":{"line":72,"column":4},"end":{"line":75,"column":5}},"29":{"start":{"line":73,"column":6},"end":{"line":73,"column":48}},"30":{"start":{"line":74,"column":6},"end":{"line":74,"column":19}},"31":{"start":{"line":77,"column":4},"end":{"line":77,"column":21}},"32":{"start":{"line":78,"column":4},"end":{"line":78,"column":16}},"33":{"start":{"line":81,"column":27},"end":{"line":90,"column":3}},"34":{"start":{"line":82,"column":26},"end":{"line":82,"column":47}},"35":{"start":{"line":83,"column":4},"end":{"line":83,"column":35}},"36":{"start":{"line":85,"column":4},"end":{"line":89,"column":5}},"37":{"start":{"line":86,"column":6},"end":{"line":86,"column":34}},"38":{"start":{"line":88,"column":6},"end":{"line":88,"column":23}},"39":{"start":{"line":93,"column":27},"end":{"line":120,"column":3}},"40":{"start":{"line":94,"column":33},"end":{"line":98,"column":5}},"41":{"start":{"line":96,"column":8},"end":{"line":97,"column":40}},"42":{"start":{"line":100,"column":51},"end":{"line":100,"column":53}},"43":{"start":{"line":102,"column":4},"end":{"line":105,"column":7}},"44":{"start":{"line":103,"column":18},"end":{"line":103,"column":24}},"45":{"start":{"line":104,"column":6},"end":{"line":104,"column":60}},"46":{"start":{"line":107,"column":24},"end":{"line":107,"column":58}},"47":{"start":{"line":108,"column":36},"end":{"line":108,"column":38}},"48":{"start":{"line":110,"column":4},"end":{"line":117,"column":5}},"49":{"start":{"line":110,"column":17},"end":{"line":110,"column":18}},"50":{"start":{"line":111,"column":18},"end":{"line":111,"column":73}},"51":{"start":{"line":112,"column":22},"end":{"line":112,"column":46}},"52":{"start":{"line":113,"column":6},"end":{"line":116,"column":9}},"53":{"start":{"line":119,"column":4},"end":{"line":119,"column":19}},"54":{"start":{"line":122,"column":34},"end":{"line":135,"column":3}},"55":{"start":{"line":123,"column":4},"end":{"line":127,"column":5}},"56":{"start":{"line":124,"column":6},"end":{"line":126,"column":75}},"57":{"start":{"line":125,"column":21},"end":{"line":125,"column":53}},"58":{"start":{"line":126,"column":24},"end":{"line":126,"column":73}},"59":{"start":{"line":129,"column":31},"end":{"line":129,"column":54}},"60":{"start":{"line":130,"column":26},"end":{"line":130,"column":51}},"61":{"start":{"line":132,"column":4},"end":{"line":134,"column":73}},"62":{"start":{"line":133,"column":19},"end":{"line":133,"column":43}},"63":{"start":{"line":134,"column":22},"end":{"line":134,"column":71}},"64":{"start":{"line":137,"column":24},"end":{"line":137,"column":42}},"65":{"start":{"line":138,"column":31},"end":{"line":138,"column":56}},"66":{"start":{"line":142,"column":22},"end":{"line":142,"column":56}},"67":{"start":{"line":143,"column":23},"end":{"line":143,"column":77}},"68":{"start":{"line":143,"column":61},"end":{"line":143,"column":76}},"69":{"start":{"line":145,"column":20},"end":{"line":152,"column":3}},"70":{"start":{"line":147,"column":6},"end":{"line":147,"column":64}},"71":{"start":{"line":150,"column":35},"end":{"line":150,"column":42}},"72":{"start":{"line":155,"co
[...]
":4}},"12":{"start":{"line":42,"column":45},"end":{"line":42,"column":65}},"13":{"start":{"line":66,"column":27},"end":{"line":66,"column":50}},"14":{"start":{"line":76,"column":34},"end":{"line":76,"column":58}},"15":{"start":{"line":83,"column":33},"end":{"line":83,"column":57}},"16":{"start":{"line":111,"column":67},"end":{"line":111,"column":87}},"17":{"start":{"line":114,"column":73},"end":{"line":114,"column":94}},"18":{"start":{"line":117,"column":71},"end":{"line":117,"column":95}},"19":{"start":{"line":132,"column":15},"end":{"line":322,"column":2}}},"fnMap":{"0":{"name":"(anonymous_0)","decl":{"start":{"line":17,"column":22},"end":{"line":17,"column":23}},"loc":{"start":{"line":17,"column":28},"end":{"line":130,"column":1}},"line":17},"1":{"name":"(anonymous_1)","decl":{"start":{"line":20,"column":31},"end":{"line":20,"column":32}},"loc":{"start":{"line":20,"column":47},"end":{"line":20,"column":66}},"line":20},"2":{"name":"(anonymous_2)","decl":{"start":{"line":22,"column":24},"end":{"line":22,"column":25}},"loc":{"start":{"line":22,"column":30},"end":{"line":26,"column":3}},"line":22},"3":{"name":"(anonymous_3)","decl":{"start":{"line":28,"column":33},"end":{"line":28,"column":34}},"loc":{"start":{"line":28,"column":39},"end":{"line":30,"column":3}},"line":28},"4":{"name":"(anonymous_4)","decl":{"start":{"line":42,"column":39},"end":{"line":42,"column":40}},"loc":{"start":{"line":42,"column":45},"end":{"line":42,"column":65}},"line":42},"5":{"name":"(anonymous_5)","decl":{"start":{"line":66,"column":21},"end":{"line":66,"column":22}},"loc":{"start":{"line":66,"column":27},"end":{"line":66,"column":50}},"line":66},"6":{"name":"(anonymous_6)","decl":{"start":{"line":76,"column":28},"end":{"line":76,"column":29}},"loc":{"start":{"line":76,"column":34},"end":{"line":76,"column":58}},"line":76},"7":{"name":"(anonymous_7)","decl":{"start":{"line":83,"column":27},"end":{"line":83,"column":28}},"loc":{"start":{"line":83,"column":33},"end":{"line":83,"column":57}},"line":83},"8":{"name":"(anonymous_8)","decl":{"start":{"line":111,"column":61},"end":{"line":111,"column":62}},"loc":{"start":{"line":111,"column":67},"end":{"line":111,"column":87}},"line":111},"9":{"name":"(anonymous_9)","decl":{"start":{"line":114,"column":67},"end":{"line":114,"column":68}},"loc":{"start":{"line":114,"column":73},"end":{"line":114,"column":94}},"line":114},"10":{"name":"(anonymous_10)","decl":{"start":{"line":117,"column":65},"end":{"line":117,"column":66}},"loc":{"start":{"line":117,"column":71},"end":{"line":117,"column":95}},"line":117}},"branchMap":{"0":{"loc":{"start":{"line":58,"column":45},"end":{"line":58,"column":74}},"type":"binary-expr","locations":[{"start":{"line":58,"column":45},"end":{"line":58,"column":59}},{"start":{"line":58,"column":63},"end":{"line":58,"column":74}}],"line":58},"1":{"loc":{"start":{"line":59,"column":46},"end":{"line":59,"column":67}},"type":"binary-expr","locations":[{"start":{"line":59,"column":46},"end":{"line":59,"column":61}},{"start":{"line":59,"column":65},"end":{"line":59,"column":67}}],"line":59},"2":{"loc":{"start":{"line":123,"column":7},"end":{"line":127,"column":7}},"type":"binary-expr","locations":[{"start":{"line":123,"column":7},"end":{"line":123,"column":28}},{"start":{"line":124,"column":8},"end":{"line":126,"column":15}}],"line":123},"3":{"loc":{"start":{"line":148,"column":16},"end":{"line":148,"column":47}},"type":"cond-expr","locations":[{"start":{"line":148,"column":40},"end":{"line":148,"column":42}},{"start":{"line":148,"column":45},"end":{"line":148,"column":47}}],"line":148},"4":{"loc":{"start":{"line":312,"column":19},"end":{"line":312,"column":48}},"type":"cond-expr","locations":[{"start":{"line":312,"column":43},"end":{"line":312,"column":44}},{"start":{"line":312,"column":47},"end":{"line":312,"column":48}}],"line":312}},"s":{"0":0,"1":0,"2":0,"3":0,"4":0,"5":0,"6":0,"7":0,"8":0,"9":0,"10":0,"11":0,"12":0,"13":0,"14":0,"15":0,"16":0,"17":0,"18":0,"19":0},"f":{"0":0,"1":0,"2":0,"3":0,"4":0,"5":0,"6":0,"7":0,"8":0,"9":0,"10":0},"b":{"0":[0,0],"1":[0,0],"2":[0,0],"3":[0,0],"4":[0,0]}}
,"E:\\AI_IT - Copy1\\react-native-redux-app\\src\\Screens\\SettingsScreen.tsx": {"path":"E:\\AI_IT - Copy1\\react-native-redux-app\\src\\Screens\\SettingsScreen.tsx","statementMap":{"0":{"start":{"line":14,"column":23},"end":{"line":76,"column":1}},"1":{"start":{"line":15,"column":19},"end":{"line":15,"column":67}},"2":{"start":{"line":15,"column":47},"end":{"line":15,"column":66}},"3":{"start":{"line":17,"column":2},"end":{"line":75,"column":4}},"4":{"start":{"line":21,"column":41},"end":{"line":21,"column":54}},"5":{"start":{"line":43,"column":27},"end":{"line":43,"column":63}},"6":{"start":{"line":48,"column":67},"end":{"line":48,"column":96}},"7":{"start":{"line":59,"column":25},"end":{"line":59,"column":45}},"8":{"start":{"line":65,"column":25},"end":{"line":65,"column":46}},"9":{"start":{"line":78,"column":15},"end":{"line":183,"column":2}}},"fnMap":{"0":{"name":"(anonymous_0)","decl":{"start":{"line":14,"column":23},"end":{"line":14,"column":24}},"loc":{"start":{"line":14,"column":29},"end":{"line":76,"column":1}},"line":14},"1":{"name":"(anonymous_1)","decl":{"start":{"line":15,"column":31},"end":{"line":15,"column":32}},"loc":{"start":{"line":15,"column":47},"end":{"line":15,"column":66}},"line":15},"2":{"name":"(anonymous_2)","decl":{"start":{"line":21,"column":35},"end":{"line":21,"column":36}},"loc":{"start":{"line":21,"column":41},"end":{"line":21,"column":54}},"line":21},"3":{"name":"(anonymous_3)","decl":{"start":{"line":43,"column":21},"end":{"line":43,"column":22}},"loc":{"start":{"line":43,"column":27},"end":{"line":43,"column":63}},"line":43},"4":{"name":"(anonymous_4)","decl":{"start":{"line":48,"column":61},"end":{"line":48,"column":62}},"loc":{"start":{"line":48,"column":67},"end":{"line":48,"column":96}},"line":48},"5":{"name":"(anonymous_5)","decl":{"start":{"line":59,"column":19},"end":{"line":59,"column":20}},"loc":{"start":{"line":59,"column":25},"end":{"line":59,"column":45}},"line":59},"6":{"name":"(anonymous_6)","decl":{"start":{"line":65,"column":19},"end":{"line":65,"column":20}},"loc":{"start":{"line":65,"column":25},"end":{"line":65,"column":46}},"line":65}},"branchMap":{"0":{"loc":{"start":{"line":33,"column":35},"end":{"line":33,"column":64}},"type":"binary-expr","locations":[{"start":{"line":33,"column":35},"end":{"line":33,"column":49}},{"start":{"line":33,"column":53},"end":{"line":33,"column":64}}],"line":33},"1":{"loc":{"start":{"line":34,"column":36},"end":{"line":34,"column":57}},"type":"binary-expr","locations":[{"start":{"line":34,"column":36},"end":{"line":34,"column":51}},{"start":{"line":34,"column":55},"end":{"line":34,"column":57}}],"line":34}},"s":{"0":0,"1":0,"2":0,"3":0,"4":0,"5":0,"6":0,"7":0,"8":0,"9":0},"f":{"0":0,"1":0,"2":0,"3":0,"4":0,"5":0,"6":0},"b":{"0":[0,0],"1":[0,0]}}
,"E:\\AI_IT - Copy1\\react-native-redux-app\\src\\Services\\api.js": {"path":"E:\\AI_IT - Copy1\\react-native-redux-app\\src\\Services\\api.js","statementMap":{"0":{"start":{"line":3,"column":12},"end":{"line":9,"column":2}},"1":{"start":{"line":11,"column":28},"end":{"line":17,"column":1}},"2":{"start":{"line":12,"column":2},"end":{"line":16,"column":3}},"3":{"start":{"line":13,"column":4},"end":{"line":13,"column":69}},"4":{"start":{"line":15,"column":4},"end":{"line":15,"column":56}}},"fnMap":{"0":{"name":"(anonymous_0)","decl":{"start":{"line":11,"column":28},"end":{"line":11,"column":29}},"loc":{"start":{"line":11,"column":39},"end":{"line":17,"column":1}},"line":11}},"branchMap":{"0":{"loc":{"start":{"line":12,"column":2},"end":{"line":16,"column":3}},"type":"if","locations":[{"start":{"line":12,"column":2},"end":{"line":16,"column":3}},{"start":{"line":14,"column":9},"end":{"line":16,"column":3}}],"line":12}},"s":{"0":0,"1":0,"2":0,"3":0,"4":0},"f":{"0":0},"b":{"0":[0,0]}}
,"E:\\AI_IT - Copy1\\react-native-redux-app\\src\\Theme\\theme.ts": {"path":"E:\\AI_IT - Copy1\\react-native-redux-app\\src\\Theme\\theme.ts","statementMap":{"0":{"start":{"line":1,"column":21},"end":{"line":11,"column":1}}},"fnMap":{},"branchMap":{},"s":{"0":0},"f":{},"b":{}}
,"E:\\AI_IT - Copy1\\react-native-redux-app\\src\\Utils\\analytics.ts": {"path":"E:\\AI_IT - Copy1\\react-native-redux-app\\src\\Utils\\analytics.ts","statementMap":{"0":{"start":{"line":37,"column":39},"end":{"line":45,"column":1}},"1":{"start":{"line":48,"column":30},"end":{"line":48,"column":50}},"2":{"start":{"line":56,"column":2},"end":{"line":56,"column":49}},"3":{"start":{"line":59,"column":2},"end":{"line":61,"column":3}},"4":{"start":{"line":60,"column":4},"end":{"line":60,"column":62}},"5":{"start":{"line":70,"column":2},"end":{"line":70,"column":30}},"6":{"start":{"line":70,"column":23},"end":{"line":70,"column":30}},"7":{"start":{"line":72,"column":2},"end":{"line":72,"column":25}},"8":{"start":{"line":75,"column":2},"end":{"line":75,"column":53}},"9":{"start":{"line":86,"column":2},"end":{"line":86,"column":30}},"10":{"start":{"line":86,"column":23},"end":{"line":86,"column":30}},"11":{"start":{"line":88,"column":2},"end":{"line":88,"column":70}},"12":{"start":{"line":91,"column":2},"end":{"line":91,"column":60}},"13":{"start":{"line":106,"column":2},"end":{"line":106,"column":30}},"14":{"start":{"line":106,"column":23},"end":{"line":106,"column":30}},"15":{"start":{"line":108,"column":20},"end":{"line":114,"column":3}},"16":{"start":{"line":117,"column":2},"end":{"line":117,"column":51}},"17":{"start":{"line":130,"column":2},"end":{"line":130,"column":60}},"18":{"start":{"line":143,"column":2},"end":{"line":143,"column":60}},"19":{"start":{"line":156,"column":2},"end":{"line":156,"column":58}},"20":{"start":{"line":169,"column":2},"end":{"line":169,"column":53}},"21":{"start":{"line":184,"column":2},"end":{"line":187,"column":5}},"22":{"start":{"line":205,"column":2},"end":{"line":205,"column":57}},"23":{"start":{"line":215,"column":20},"end":{"line":215,"column":37}},"24":{"start":{"line":217,"column":2},"end":{"line":224,"column":4}},"25":{"start":{"line":219,"column":22},"end":{"line":219,"column":39}},"26":{"start":{"line":220,"column":25},"end":{"line":220,"column":56}},"27":{"start":{"line":221,"column":6},"end":{"line":221,"column":59}},"28":{"start":{"line":222,"column":6},"end":{"line":222,"column":24}},"29":{"start":{"line":231,"column":2},"end":{"line":231,"column":25}},"30":{"start":{"line":232,"column":2},"end":{"line":232,"column":36}},"31":{"start":{"line":239,"column":2},"end":{"line":239,"column":24}},"32":{"start":{"line":240,"column":2},"end":{"line":240,"column":35}},"33":{"start":{"line":249,"column":2},"end":{"line":249,"column":24}}},"fnMap":{"0":{"name":"initAnalytics","decl":{"start":{"line":55,"column":16},"end":{"line":55,"column":29}},"loc":{"start":{"line":55,"column":77},"end":{"line":62,"column":1}},"line":55},"1":{"name":"setUserId","decl":{"start":{"line":69,"column":16},"end":{"line":69,"column":25}},"loc":{"start":{"line":69,"column":48},"end":{"line":76,"column":1}},"line":69},"2":{"name":"setUserProperties","decl":{"start":{"line":83,"column":16},"end":{"line":83,"column":33}},"loc":{"start":{"line":85,"column":8},"end":{"line":92,"column":1}},"line":85},"3":{"name":"trackEvent","decl":{"start":{"line":101,"column":16},"end":{"line":101,"column":26}},"loc":{"start":{"line":105,"column":8},"end":{"line":118,"column":1}},"line":105},"4":{"name":"trackScreenView","decl":{"start":{"line":126,"column":16},"end":{"line":126,"column":31}},"loc":{"start":{"line":129,"column":8},"end":{"line":131,"column":1}},"line":129},"5":{"name":"trackUserAction","decl":{"start":{"line":139,"column":16},"end":{"line":139,"column":31}},"loc":{"start":{"line":142,"column":8},"end":{"line":144,"column":1}},"line":142},"6":{"name":"trackFormSubmit","decl":{"start":{"line":152,"column":16},"end":{"line":152,"column":31}},"loc":{"start":{"line":155,"column":8},"end":{"line":157,"column":1}},"line":155},"7":{"name":"trackError","decl":{"start":{"line":165,"column":16},"end":{"line":165,"column":26}},"loc":{"start":{"line":168,"column":8},"end":{"line":170,"column":1}},"line":168},"8":{"name":"trackPerformance","decl":{"start":{"line":179,"column":16},"end":{"line":179,"column":32}},"loc":{"start":{"line":183,"column":8},"end":{"line":188,"column":1}},"line":183},"9":{"name":"trackNetworkRequest","decl":{"start":{"line":196,"column":16},"end":{"line":196,"column":35}},"loc":{"start":{"line":204,"column":8},"end":{"line":206,"column":1}},"line":204},"10":{"name":"startPerformanceTimer","decl":{"start":{"line":214,"column":16},"end":{"line":214,"column":37}},"loc":{"start":{"line":214,"column":58},"end":{"line":225,"column":1}},"line":214},"11":{"name":"(anonymous_11)","decl":{"start":{"line":218,"column":10},"end":{"line":218,"column":11}},"loc":{"start":{"line":218,"column":44},"end":{"line":223,"column":5}},"line":218},"12":{"name":"disableAnalytics","decl":{"start":{"line":230,"column":16},"end":{"line":230,"column":32}},"loc":{"start":{"line":230,"column":41},"end":{"line":233,"column":1}},"line":230},"13":{"name":"enableAnalytics","decl":{"start":{"line":238,"column":16},"end":{"line":238,"column":31}},"loc":{"start":{"line":238,"column":40},"end":{"line":241,"column":1}},"line":238},"14":{"name":"isAnalyticsEnabled","decl":{"start":{"line":248,"column":16},"end":{"line":248,"column":34}},"loc":{"start":{"line":248,"column":46},"end":{"line":250,"column":1}},"line":248}},"branchMap":{"0":{"loc":{"start":{"line":59,"column":2},"end":{"line":61,"column":3}},"type":"if","locations":[{"start":{"line":59,"column":2},"end":{"line":61,"column":3}},{"start":{},"end":{}}],"line":59},"1":{"loc":{"start":{"line":70,"column":2},"end":{"line":70,"column":30}},"type":"if","locations":[{"start":{"line":70,"column":2},"end":{"line":70,"column":30}},{"start":{},"end":{}}],"line":70},"2":{"loc":{"start":{"line":86,"column":2},"end":{"line":86,"column":30}},"type":"if","locations":[{"start":{"line":86,"column":2},"end":{"line":86,"column":30}},{"start":{},"end":{}}],"line":86},"3":{"loc":{"start":{"line":106,"column":2},"end":{"line":106,"column":30}},"type":"if","locations":[{"start":{"line":106,"column":2},"end":{"line":106,"column":30}},{"start":{},"end":{}}],"line":106},"4":{"loc":{"start":{"line":111,"column":16},"end":{"line":111,"column":32}},"type":"binary-expr","locations":[{"start":{"line":111,"column":16},"end":{"line":111,"column":26}},{"start":{"line":111,"column":30},"end":{"line":111,"column":32}}],"line":111}},"s":{"0":0,"1":0,"2":0,"3":0,"4":0,"5":0,"6":0,"7":0,"8":0,"9":0,"10":0,"11":0,"12":0,"13":0,"14":0,"15":0,"16":0,"17":0,"18":0,"19":0,"20":0,"21":0,"22":0,"23":0,"24":0,"25":0,"26":0,"27":0,"28":0,"29":0,"30":0,"31":0,"32":0,"33":0},"f":{"0":0,"1":0,"2":0,"3":0,"4":0,"5":0,"6":0,"7":0,"8":0,"9":0,"10":0,"11":0,"12":0,"13":0,"14":0},"b":{"0":[0,0],"1":[0,0],"2":[0,0],"3":[0,0],"4":[0,0]}}
,"E:\\AI_IT - Copy1\\react-native-redux-app\\src\\Utils\\helpers.js": {"path":"E:\\AI_IT - Copy1\\react-native-redux-app\\src\\Utils\\helpers.js","statementMap":{"0":{"start":{"line":1,"column":26},"end":{"line":3,"column":1}},"1":{"start":{"line":2,"column":2},"end":{"line":2,"column":45}},"2":{"start":{"line":5,"column":29},"end":{"line":8,"column":1}},"3":{"start":{"line":6,"column":13},"end":{"line":6,"column":41}},"4":{"start":{"line":7,"column":2},"end":{"line":7,"column":24}},"5":{"start":{"line":10,"column":24},"end":{"line":20,"column":1}},"6":{"start":{"line":12,"column":2},"end":{"line":19,"column":4}},"7":{"start":{"line":13,"column":18},"end":{"line":16,"column":5}},"8":{"start":{"line":14,"column":6},"end":{"line":14,"column":28}},"9":{"start":{"line":15,"column":6},"end":{"line":15,"column":20}},"10":{"start":{"line":17,"column":4},"end":{"line":17,"column":26}},"11":{"start":{"line":18,"column":4},"end":{"line":18,"column":38}}},"fnMap":{"0":{"name":"(anonymous_0)","decl":{"start":{"line":1,"column":26},"end":{"line":1,"column":27}},"loc":{"start":{"line":1,"column":36},"end":{"line":3,"column":1}},"line":1},"1":{"name":"(anonymous_1)","decl":{"start":{"line":5,"column":29},"end":{"line":5,"column":30}},"loc":{"start":{"line":5,"column":40},"end":{"line":8,"column":1}},"line":5},"2":{"name":"(anonymous_2)","decl":{"start":{"line":10,"column":24},"end":{"line":10,"column":25}},"loc":{"start":{"line":10,"column":40},"end":{"line":20,"column":1}},"line":10},"3":{"name":"executedFunction","decl":{"start":{"line":12,"column":18},"end":{"line":12,"column":34}},"loc":{"start":{"line":12,"column":44},"end":{"line":19,"column":3}},"line":12},"4":{"name":"(anonymous_4)","decl":{"start":{"line":13,"column":18},"end":{"line":13,"column":19}},"loc":{"start":{"line":13,"column":24},"end":{"line":16,"column":5}},"line":13}},"branchMap":{},"s":{"0":0,"1":0,"2":0,"3":0,"4":0,"5":0,"6":0,"7":0,"8":0,"9":0,"10":0,"11":0},"f":{"0":0,"1":0,"2":0,"3":0,"4":0},"b":{}}
,"E:\\AI_IT - Copy1\\react-native-redux-app\\src\\i18n\\translations.ts": {"path":"E:\\AI_IT - Copy1\\react-native-redux-app\\src\\i18n\\translations.ts","statementMap":{"0":{"start":{"line":16,"column":42},"end":{"line":217,"column":1}},"1":{"start":{"line":234,"column":4},"end":{"line":234,"column":64}},"2":{"start":{"line":237,"column":2},"end":{"line":242,"column":3}},"3":{"start":{"line":238,"column":4},"end":{"line":241,"column":6}},"4":{"start":{"line":239,"column":31},"end":{"line":239,"column":63}},"5":{"start":{"line":244,"column":2},"end":{"line":244,"column":21}},"6":{"start":{"line":255,"column":25},"end":{"line":262,"column":17}},"7":{"start":{"line":265,"column":2},"end":{"line":267,"column":3}},"8":{"start":{"line":266,"column":4},"end":{"line":266,"column":47}},"9":{"start":{"line":270,"column":2},"end":{"line":270,"column":14}}},"fnMap":{"0":{"name":"translate","decl":{"start":{"line":227,"column":16},"end":{"line":227,"column":25}},"loc":{"start":{"line":231,"column":10},"end":{"line":245,"column":1}},"line":231},"1":{"name":"(anonymous_1)","decl":{"start":{"line":239,"column":6},"end":{"line":239,"column":7}},"loc":{"start":{"line":239,"column":31},"end":{"line":239,"column":63}},"line":239},"2":{"name":"getPreferredLanguage","decl":{"start":{"line":253,"column":16},"end":{"line":253,"column":36}},"loc":{"start":{"line":253,"column":58},"end":{"line":271,"column":1}},"line":253}},"branchMap":{"0":{"loc":{"start":{"line":229,"column":2},"end":{"line":229,"column":36}},"type":"default-arg","locations":[{"start":{"line":229,"column":32},"end":{"line":229,"column":36}}],"line":229},"1":{"loc":{"start":{"line":234,"column":4},"end":{"line":234,"column":64}},"type":"binary-expr","locations":[{"start":{"line":234,"column":4},"end":{"line":234,"column":33}},{"start":{"line":234,"column":37},"end":{"line":234,"column":57}},{"start":{"line":234,"column":61},"end":{"line":234,"column":64}}],"line":234},"2":{"loc":{"start":{"line":237,"column":2},"end":{"line":242,"column":3}},"type":"if","locations":[{"start":{"line":237,"column":2},"end":{"line":242,"column":3}},{"start":{},"end":{}}],"line":237},"3":{"loc":{"start":{"line":256,"column":4},"end":{"line":261,"column":8}},"type":"binary-expr","locations":[{"start":{"line":256,"column":4},"end":{"line":256,"column":23}},{"start":{"line":258,"column":4},"end":{"line":258,"column":27}},{"start":{"line":260,"column":4},"end":{"line":260,"column":30}},{"start":{"line":261,"column":4},"end":{"line":261,"column":8}}],"line":256},"4":{"loc":{"start":{"line":265,"column":2},"end":{"line":267,"column":3}},"type":"if","locations":[{"start":{"line":265,"column":2},"end":{"line":267,"column":3}},{"start":{},"end":{}}],"line":265}},"s":{"0":0,"1":0,"2":0,"3":0,"4":0,"5":0,"6":0,"7":0,"8":0,"9":0},"f":{"0":0,"1":0,"2":0},"b":{"0":[0],"1":[0,0,0],"2":[0,0],"3":[0,0,0,0],"4":[0,0]}}
,"E:\\AI_IT - Copy1\\react-native-redux-app\\src\\types\\navigation.ts": {"path":"E:\\AI_IT - Copy1\\react-native-redux-app\\src\\types\\navigation.ts","statementMap":{},"fnMap":{},"branchMap":{},"s":{},"f":{},"b":{}}
}
